2025-05-04 16:07:56 - INFO - ==================================================
2025-05-04 16:07:56 - INFO - Kh·ªüi ƒë·ªông ch∆∞∆°ng tr√¨nh thu th·∫≠p hi·ªán v·∫≠t s·ªë
2025-05-04 16:07:56 - INFO - Th∆∞ m·ª•c l√†m vi·ªác: E:\Hoctap\LT06\DoAn\ChiNgoc\OSS_Project-main
2025-05-04 16:07:56 - INFO - B·∫Øt ƒë·∫ßu thu th·∫≠p 1 hi·ªán v·∫≠t ƒë∆∞·ª£c ch·ªçn
2025-05-04 16:07:56 - INFO - B·∫Øt ƒë·∫ßu x·ª≠ l√Ω hi·ªán v·∫≠t: Danh s√°ch Handle ƒëang m·ªü
2025-05-04 16:07:56 - INFO - B·∫Øt ƒë·∫ßu thu th·∫≠p: Open Handle Info
2025-05-04 16:07:56 - INFO - Ho√†n th√†nh thu th·∫≠p Open Handle Info trong 0.00 gi√¢y
2025-05-04 16:07:56 - INFO - Ho√†n th√†nh x·ª≠ l√Ω hi·ªán v·∫≠t: Danh s√°ch Handle ƒëang m·ªü
2025-05-04 16:07:56 - INFO - ƒê√£ ho√†n th√†nh t·∫•t c·∫£ t√°c v·ª• thu th·∫≠p
2025-05-04 17:42:10 - INFO - ==================================================
2025-05-04 17:42:10 - INFO - Kh·ªüi ƒë·ªông ch∆∞∆°ng tr√¨nh thu th·∫≠p hi·ªán v·∫≠t s·ªë
2025-05-04 17:42:10 - INFO - Th∆∞ m·ª•c l√†m vi·ªác: E:\Hoctap\LT06\DoAn\ChiNgoc\OSS_Project-main
2025-05-04 17:42:11 - CRITICAL - L·ªói nghi√™m tr·ªçng trong qu√° tr√¨nh th·ª±c thi: bad window path name ".!toplevel"
Traceback (most recent call last):
  File "e:\Hoctap\LT06\DoAn\ChiNgoc\OSS_Project-main\Artifact_Collection_Tool.py", line 1398, in execute_and_save_artifacts
    update_status = open_status_window()
  File "e:\Hoctap\LT06\DoAn\ChiNgoc\OSS_Project-main\Artifact_Collection_Tool.py", line 1251, in open_status_window
    exit_button = tk.Button(status_window, text="Tho√°t", command=on_exit)
                  ~~~~~~~~~^^^^^^^^^^^^^^^^^^^^^^^^^^^^^^^^^^^^^^^^^^^^^^
  File "C:\Users\Caoho\AppData\Local\Programs\Python\Python313\Lib\tkinter\__init__.py", line 2852, in __init__
    Widget.__init__(self, master, 'button', cnf, kw)
    ~~~~~~~~~~~~~~~^^^^^^^^^^^^^^^^^^^^^^^^^^^^^^^^^
  File "C:\Users\Caoho\AppData\Local\Programs\Python\Python313\Lib\tkinter\__init__.py", line 2774, in __init__
    self.tk.call(
    ~~~~~~~~~~~~^
        (widgetName, self._w) + extra + self._options(cnf))
        ^^^^^^^^^^^^^^^^^^^^^^^^^^^^^^^^^^^^^^^^^^^^^^^^^^^
_tkinter.TclError: bad window path name ".!toplevel"
2025-05-04 17:44:22 - INFO - ==================================================
2025-05-04 17:44:22 - INFO - Kh·ªüi ƒë·ªông ch∆∞∆°ng tr√¨nh thu th·∫≠p hi·ªán v·∫≠t s·ªë
2025-05-04 17:44:22 - INFO - Th∆∞ m·ª•c l√†m vi·ªác: E:\Hoctap\LT06\DoAn\ChiNgoc\OSS_Project-main
2025-05-04 17:44:22 - CRITICAL - L·ªói nghi√™m tr·ªçng trong qu√° tr√¨nh th·ª±c thi: cannot use geometry manager pack inside . which already has slaves managed by grid
Traceback (most recent call last):
  File "e:\Hoctap\LT06\DoAn\ChiNgoc\OSS_Project-main\Artifact_Collection_Tool.py", line 1384, in execute_and_save_artifacts
    update_status = open_status_window()
  File "e:\Hoctap\LT06\DoAn\ChiNgoc\OSS_Project-main\Artifact_Collection_Tool.py", line 1081, in open_status_window
    main_frame.pack(fill=tk.BOTH, expand=True, padx=10, pady=10)
    ~~~~~~~~~~~~~~~^^^^^^^^^^^^^^^^^^^^^^^^^^^^^^^^^^^^^^^^^^^^^
  File "C:\Users\Caoho\AppData\Local\Programs\Python\Python313\Lib\tkinter\__init__.py", line 2596, in pack_configure
    self.tk.call(
    ~~~~~~~~~~~~^
          ('pack', 'configure', self._w)
          ^^^^^^^^^^^^^^^^^^^^^^^^^^^^^^
          + self._options(cnf, kw))
          ^^^^^^^^^^^^^^^^^^^^^^^^^
_tkinter.TclError: cannot use geometry manager pack inside . which already has slaves managed by grid
2025-05-04 17:44:48 - INFO - ==================================================
2025-05-04 17:44:48 - INFO - Kh·ªüi ƒë·ªông ch∆∞∆°ng tr√¨nh thu th·∫≠p hi·ªán v·∫≠t s·ªë
2025-05-04 17:44:48 - INFO - Th∆∞ m·ª•c l√†m vi·ªác: E:\Hoctap\LT06\DoAn\ChiNgoc\OSS_Project-main
2025-05-04 17:44:48 - INFO - B·∫Øt ƒë·∫ßu thu th·∫≠p 1 hi·ªán v·∫≠t ƒë∆∞·ª£c ch·ªçn
2025-05-04 17:44:48 - INFO - ƒê√£ ho√†n th√†nh t·∫•t c·∫£ t√°c v·ª• thu th·∫≠p
2025-05-06 09:20:08 - INFO - ==================================================
2025-05-06 09:20:08 - INFO - Kh·ªüi ƒë·ªông ch∆∞∆°ng tr√¨nh thu th·∫≠p hi·ªán v·∫≠t s·ªë
2025-05-06 09:20:08 - INFO - Th∆∞ m·ª•c l√†m vi·ªác: E:\Hoctap\LT06\DoAn\ChiNgoc\OSS_Project-main
2025-05-06 09:20:08 - INFO - B·∫Øt ƒë·∫ßu thu th·∫≠p 1 hi·ªán v·∫≠t ƒë∆∞·ª£c ch·ªçn
2025-05-06 09:20:08 - INFO - B·∫Øt ƒë·∫ßu x·ª≠ l√Ω hi·ªán v·∫≠t: Th√πng r√°c (Recycle Bin)
2025-05-06 09:20:08 - INFO - B·∫Øt ƒë·∫ßu thu th·∫≠p: Bin
2025-05-06 09:20:08 - INFO - Ho√†n th√†nh thu th·∫≠p Bin trong 0.00 gi√¢y
2025-05-06 09:20:08 - INFO - Ho√†n th√†nh x·ª≠ l√Ω hi·ªán v·∫≠t: Th√πng r√°c (Recycle Bin)
2025-05-06 09:20:08 - INFO - ƒê√£ ho√†n th√†nh t·∫•t c·∫£ t√°c v·ª• thu th·∫≠p
2025-05-06 09:20:17 - INFO - ==================================================
2025-05-06 09:20:17 - INFO - Kh·ªüi ƒë·ªông ch∆∞∆°ng tr√¨nh thu th·∫≠p hi·ªán v·∫≠t s·ªë
2025-05-06 09:20:17 - INFO - Th∆∞ m·ª•c l√†m vi·ªác: E:\Hoctap\LT06\DoAn\ChiNgoc\OSS_Project-main
2025-05-06 09:20:17 - INFO - B·∫Øt ƒë·∫ßu thu th·∫≠p 1 hi·ªán v·∫≠t ƒë∆∞·ª£c ch·ªçn
2025-05-06 09:20:17 - INFO - B·∫Øt ƒë·∫ßu x·ª≠ l√Ω hi·ªán v·∫≠t: L·ªãch s·ª≠ ƒëƒÉng nh·∫≠p h·ªá th·ªëng
2025-05-06 09:20:17 - INFO - B·∫Øt ƒë·∫ßu thu th·∫≠p: Sys Logon Info
2025-05-06 09:20:38 - ERROR - L·ªói khi thu th·∫≠p Sys Logon Info: (1314, 'OpenEventLogW', 'A required privilege is not held by the client.')
Traceback (most recent call last):
  File "e:\Hoctap\LT06\DoAn\ChiNgoc\OSS_Project-main\Artifact_Collection_Tool.py", line 143, in wrapper
    result = func(output_dir, *args, **kwargs)
  File "e:\Hoctap\LT06\DoAn\ChiNgoc\OSS_Project-main\Artifact_Collection_Tool.py", line 676, in sys_logon_info_func
    hand = win32evtlog.OpenEventLog(server, logtype)
pywintypes.error: (1314, 'OpenEventLogW', 'A required privilege is not held by the client.')
2025-05-06 09:20:38 - ERROR - L·ªói khi x·ª≠ l√Ω hi·ªán v·∫≠t L·ªãch s·ª≠ ƒëƒÉng nh·∫≠p h·ªá th·ªëng: (1314, 'OpenEventLogW', 'A required privilege is not held by the client.')
Traceback (most recent call last):
  File "e:\Hoctap\LT06\DoAn\ChiNgoc\OSS_Project-main\Artifact_Collection_Tool.py", line 1274, in execute_and_save_artifacts
    func(output_directory)
    ~~~~^^^^^^^^^^^^^^^^^^
  File "e:\Hoctap\LT06\DoAn\ChiNgoc\OSS_Project-main\Artifact_Collection_Tool.py", line 143, in wrapper
    result = func(output_dir, *args, **kwargs)
  File "e:\Hoctap\LT06\DoAn\ChiNgoc\OSS_Project-main\Artifact_Collection_Tool.py", line 676, in sys_logon_info_func
    hand = win32evtlog.OpenEventLog(server, logtype)
pywintypes.error: (1314, 'OpenEventLogW', 'A required privilege is not held by the client.')
2025-05-06 09:20:38 - INFO - ƒê√£ ho√†n th√†nh t·∫•t c·∫£ t√°c v·ª• thu th·∫≠p
2025-05-06 09:58:57 - INFO - ==================================================
2025-05-06 09:58:57 - INFO - Kh·ªüi ƒë·ªông ch∆∞∆°ng tr√¨nh thu th·∫≠p hi·ªán v·∫≠t s·ªë
2025-05-06 09:58:57 - INFO - Th∆∞ m·ª•c l√†m vi·ªác: E:\Hoctap\LT06\DoAn\ChiNgoc\OSS_Project-main
2025-05-06 09:58:57 - INFO - B·∫Øt ƒë·∫ßu thu th·∫≠p 1 hi·ªán v·∫≠t ƒë∆∞·ª£c ch·ªçn
2025-05-06 09:58:57 - ERROR - L·ªói khi x·ª≠ l√Ω hi·ªán v·∫≠t C·∫•u h√¨nh ƒë·ªãa ch·ªâ IP: 'NoneType' object is not callable
Traceback (most recent call last):
  File "e:\Hoctap\LT06\DoAn\ChiNgoc\OSS_Project-main\Artifact_Collection_Tool.py", line 1399, in execute_and_save_artifacts
    update_status(f"B·∫Øt ƒë·∫ßu thu th·∫≠p: {artifact}")
    ~~~~~~~~~~~~~^^^^^^^^^^^^^^^^^^^^^^^^^^^^^^^^^
TypeError: 'NoneType' object is not callable
2025-05-06 09:58:57 - CRITICAL - L·ªói nghi√™m tr·ªçng trong qu√° tr√¨nh th·ª±c thi: 'NoneType' object is not callable
Traceback (most recent call last):
  File "e:\Hoctap\LT06\DoAn\ChiNgoc\OSS_Project-main\Artifact_Collection_Tool.py", line 1399, in execute_and_save_artifacts
    update_status(f"B·∫Øt ƒë·∫ßu thu th·∫≠p: {artifact}")
    ~~~~~~~~~~~~~^^^^^^^^^^^^^^^^^^^^^^^^^^^^^^^^^
TypeError: 'NoneType' object is not callable

During handling of the above exception, another exception occurred:

Traceback (most recent call last):
  File "e:\Hoctap\LT06\DoAn\ChiNgoc\OSS_Project-main\Artifact_Collection_Tool.py", line 1409, in execute_and_save_artifacts
    update_status(f"L·ªói khi thu th·∫≠p {artifact}")
    ~~~~~~~~~~~~~^^^^^^^^^^^^^^^^^^^^^^^^^^^^^^^^
TypeError: 'NoneType' object is not callable
2025-05-06 09:59:00 - INFO - ==================================================
2025-05-06 09:59:00 - INFO - ==================================================
2025-05-06 09:59:00 - INFO - Kh·ªüi ƒë·ªông ch∆∞∆°ng tr√¨nh thu th·∫≠p hi·ªán v·∫≠t s·ªë
2025-05-06 09:59:00 - INFO - Kh·ªüi ƒë·ªông ch∆∞∆°ng tr√¨nh thu th·∫≠p hi·ªán v·∫≠t s·ªë
2025-05-06 09:59:00 - INFO - Th∆∞ m·ª•c l√†m vi·ªác: E:\Hoctap\LT06\DoAn\ChiNgoc\OSS_Project-main
2025-05-06 09:59:00 - INFO - Th∆∞ m·ª•c l√†m vi·ªác: E:\Hoctap\LT06\DoAn\ChiNgoc\OSS_Project-main
2025-05-06 09:59:00 - INFO - B·∫Øt ƒë·∫ßu thu th·∫≠p 1 hi·ªán v·∫≠t ƒë∆∞·ª£c ch·ªçn
2025-05-06 09:59:00 - INFO - B·∫Øt ƒë·∫ßu thu th·∫≠p 1 hi·ªán v·∫≠t ƒë∆∞·ª£c ch·ªçn
2025-05-06 09:59:00 - ERROR - L·ªói khi x·ª≠ l√Ω hi·ªán v·∫≠t C·∫•u h√¨nh ƒë·ªãa ch·ªâ IP: 'NoneType' object is not callable
Traceback (most recent call last):
  File "e:\Hoctap\LT06\DoAn\ChiNgoc\OSS_Project-main\Artifact_Collection_Tool.py", line 1399, in execute_and_save_artifacts
    update_status(f"B·∫Øt ƒë·∫ßu thu th·∫≠p: {artifact}")
    ~~~~~~~~~~~~~^^^^^^^^^^^^^^^^^^^^^^^^^^^^^^^^^
TypeError: 'NoneType' object is not callable
2025-05-06 09:59:00 - ERROR - L·ªói khi x·ª≠ l√Ω hi·ªán v·∫≠t C·∫•u h√¨nh ƒë·ªãa ch·ªâ IP: 'NoneType' object is not callable
Traceback (most recent call last):
  File "e:\Hoctap\LT06\DoAn\ChiNgoc\OSS_Project-main\Artifact_Collection_Tool.py", line 1399, in execute_and_save_artifacts
    update_status(f"B·∫Øt ƒë·∫ßu thu th·∫≠p: {artifact}")
    ~~~~~~~~~~~~~^^^^^^^^^^^^^^^^^^^^^^^^^^^^^^^^^
TypeError: 'NoneType' object is not callable
2025-05-06 09:59:00 - CRITICAL - L·ªói nghi√™m tr·ªçng trong qu√° tr√¨nh th·ª±c thi: 'NoneType' object is not callable
Traceback (most recent call last):
  File "e:\Hoctap\LT06\DoAn\ChiNgoc\OSS_Project-main\Artifact_Collection_Tool.py", line 1399, in execute_and_save_artifacts
    update_status(f"B·∫Øt ƒë·∫ßu thu th·∫≠p: {artifact}")
    ~~~~~~~~~~~~~^^^^^^^^^^^^^^^^^^^^^^^^^^^^^^^^^
TypeError: 'NoneType' object is not callable

During handling of the above exception, another exception occurred:

Traceback (most recent call last):
  File "e:\Hoctap\LT06\DoAn\ChiNgoc\OSS_Project-main\Artifact_Collection_Tool.py", line 1409, in execute_and_save_artifacts
    update_status(f"L·ªói khi thu th·∫≠p {artifact}")
    ~~~~~~~~~~~~~^^^^^^^^^^^^^^^^^^^^^^^^^^^^^^^^
TypeError: 'NoneType' object is not callable
2025-05-06 09:59:00 - CRITICAL - L·ªói nghi√™m tr·ªçng trong qu√° tr√¨nh th·ª±c thi: 'NoneType' object is not callable
Traceback (most recent call last):
  File "e:\Hoctap\LT06\DoAn\ChiNgoc\OSS_Project-main\Artifact_Collection_Tool.py", line 1399, in execute_and_save_artifacts
    update_status(f"B·∫Øt ƒë·∫ßu thu th·∫≠p: {artifact}")
    ~~~~~~~~~~~~~^^^^^^^^^^^^^^^^^^^^^^^^^^^^^^^^^
TypeError: 'NoneType' object is not callable

During handling of the above exception, another exception occurred:

Traceback (most recent call last):
  File "e:\Hoctap\LT06\DoAn\ChiNgoc\OSS_Project-main\Artifact_Collection_Tool.py", line 1409, in execute_and_save_artifacts
    update_status(f"L·ªói khi thu th·∫≠p {artifact}")
    ~~~~~~~~~~~~~^^^^^^^^^^^^^^^^^^^^^^^^^^^^^^^^
TypeError: 'NoneType' object is not callable
2025-05-06 09:59:07 - INFO - ==================================================
2025-05-06 09:59:07 - INFO - ==================================================
2025-05-06 09:59:07 - INFO - ==================================================
2025-05-06 09:59:07 - INFO - Kh·ªüi ƒë·ªông ch∆∞∆°ng tr√¨nh thu th·∫≠p hi·ªán v·∫≠t s·ªë
2025-05-06 09:59:07 - INFO - Kh·ªüi ƒë·ªông ch∆∞∆°ng tr√¨nh thu th·∫≠p hi·ªán v·∫≠t s·ªë
2025-05-06 09:59:07 - INFO - Kh·ªüi ƒë·ªông ch∆∞∆°ng tr√¨nh thu th·∫≠p hi·ªán v·∫≠t s·ªë
2025-05-06 09:59:07 - INFO - Th∆∞ m·ª•c l√†m vi·ªác: E:\Hoctap\LT06\DoAn\ChiNgoc\OSS_Project-main
2025-05-06 09:59:07 - INFO - Th∆∞ m·ª•c l√†m vi·ªác: E:\Hoctap\LT06\DoAn\ChiNgoc\OSS_Project-main
2025-05-06 09:59:07 - INFO - Th∆∞ m·ª•c l√†m vi·ªác: E:\Hoctap\LT06\DoAn\ChiNgoc\OSS_Project-main
2025-05-06 09:59:07 - INFO - B·∫Øt ƒë·∫ßu thu th·∫≠p 2 hi·ªán v·∫≠t ƒë∆∞·ª£c ch·ªçn
2025-05-06 09:59:07 - INFO - B·∫Øt ƒë·∫ßu thu th·∫≠p 2 hi·ªán v·∫≠t ƒë∆∞·ª£c ch·ªçn
2025-05-06 09:59:07 - INFO - B·∫Øt ƒë·∫ßu thu th·∫≠p 2 hi·ªán v·∫≠t ƒë∆∞·ª£c ch·ªçn
2025-05-06 09:59:07 - ERROR - L·ªói khi x·ª≠ l√Ω hi·ªán v·∫≠t C·∫•u h√¨nh ƒë·ªãa ch·ªâ IP: 'NoneType' object is not callable
Traceback (most recent call last):
  File "e:\Hoctap\LT06\DoAn\ChiNgoc\OSS_Project-main\Artifact_Collection_Tool.py", line 1399, in execute_and_save_artifacts
    update_status(f"B·∫Øt ƒë·∫ßu thu th·∫≠p: {artifact}")
    ~~~~~~~~~~~~~^^^^^^^^^^^^^^^^^^^^^^^^^^^^^^^^^
TypeError: 'NoneType' object is not callable
2025-05-06 09:59:07 - ERROR - L·ªói khi x·ª≠ l√Ω hi·ªán v·∫≠t C·∫•u h√¨nh ƒë·ªãa ch·ªâ IP: 'NoneType' object is not callable
Traceback (most recent call last):
  File "e:\Hoctap\LT06\DoAn\ChiNgoc\OSS_Project-main\Artifact_Collection_Tool.py", line 1399, in execute_and_save_artifacts
    update_status(f"B·∫Øt ƒë·∫ßu thu th·∫≠p: {artifact}")
    ~~~~~~~~~~~~~^^^^^^^^^^^^^^^^^^^^^^^^^^^^^^^^^
TypeError: 'NoneType' object is not callable
2025-05-06 09:59:07 - ERROR - L·ªói khi x·ª≠ l√Ω hi·ªán v·∫≠t C·∫•u h√¨nh ƒë·ªãa ch·ªâ IP: 'NoneType' object is not callable
Traceback (most recent call last):
  File "e:\Hoctap\LT06\DoAn\ChiNgoc\OSS_Project-main\Artifact_Collection_Tool.py", line 1399, in execute_and_save_artifacts
    update_status(f"B·∫Øt ƒë·∫ßu thu th·∫≠p: {artifact}")
    ~~~~~~~~~~~~~^^^^^^^^^^^^^^^^^^^^^^^^^^^^^^^^^
TypeError: 'NoneType' object is not callable
2025-05-06 09:59:07 - CRITICAL - L·ªói nghi√™m tr·ªçng trong qu√° tr√¨nh th·ª±c thi: 'NoneType' object is not callable
Traceback (most recent call last):
  File "e:\Hoctap\LT06\DoAn\ChiNgoc\OSS_Project-main\Artifact_Collection_Tool.py", line 1399, in execute_and_save_artifacts
    update_status(f"B·∫Øt ƒë·∫ßu thu th·∫≠p: {artifact}")
    ~~~~~~~~~~~~~^^^^^^^^^^^^^^^^^^^^^^^^^^^^^^^^^
TypeError: 'NoneType' object is not callable

During handling of the above exception, another exception occurred:

Traceback (most recent call last):
  File "e:\Hoctap\LT06\DoAn\ChiNgoc\OSS_Project-main\Artifact_Collection_Tool.py", line 1409, in execute_and_save_artifacts
    update_status(f"L·ªói khi thu th·∫≠p {artifact}")
    ~~~~~~~~~~~~~^^^^^^^^^^^^^^^^^^^^^^^^^^^^^^^^
TypeError: 'NoneType' object is not callable
2025-05-06 09:59:07 - CRITICAL - L·ªói nghi√™m tr·ªçng trong qu√° tr√¨nh th·ª±c thi: 'NoneType' object is not callable
Traceback (most recent call last):
  File "e:\Hoctap\LT06\DoAn\ChiNgoc\OSS_Project-main\Artifact_Collection_Tool.py", line 1399, in execute_and_save_artifacts
    update_status(f"B·∫Øt ƒë·∫ßu thu th·∫≠p: {artifact}")
    ~~~~~~~~~~~~~^^^^^^^^^^^^^^^^^^^^^^^^^^^^^^^^^
TypeError: 'NoneType' object is not callable

During handling of the above exception, another exception occurred:

Traceback (most recent call last):
  File "e:\Hoctap\LT06\DoAn\ChiNgoc\OSS_Project-main\Artifact_Collection_Tool.py", line 1409, in execute_and_save_artifacts
    update_status(f"L·ªói khi thu th·∫≠p {artifact}")
    ~~~~~~~~~~~~~^^^^^^^^^^^^^^^^^^^^^^^^^^^^^^^^
TypeError: 'NoneType' object is not callable
2025-05-06 09:59:07 - CRITICAL - L·ªói nghi√™m tr·ªçng trong qu√° tr√¨nh th·ª±c thi: 'NoneType' object is not callable
Traceback (most recent call last):
  File "e:\Hoctap\LT06\DoAn\ChiNgoc\OSS_Project-main\Artifact_Collection_Tool.py", line 1399, in execute_and_save_artifacts
    update_status(f"B·∫Øt ƒë·∫ßu thu th·∫≠p: {artifact}")
    ~~~~~~~~~~~~~^^^^^^^^^^^^^^^^^^^^^^^^^^^^^^^^^
TypeError: 'NoneType' object is not callable

During handling of the above exception, another exception occurred:

Traceback (most recent call last):
  File "e:\Hoctap\LT06\DoAn\ChiNgoc\OSS_Project-main\Artifact_Collection_Tool.py", line 1409, in execute_and_save_artifacts
    update_status(f"L·ªói khi thu th·∫≠p {artifact}")
    ~~~~~~~~~~~~~^^^^^^^^^^^^^^^^^^^^^^^^^^^^^^^^
TypeError: 'NoneType' object is not callable
2025-05-06 10:11:13 - INFO - ==================================================
2025-05-06 10:11:13 - INFO - Kh·ªüi ƒë·ªông ch∆∞∆°ng tr√¨nh thu th·∫≠p hi·ªán v·∫≠t s·ªë
2025-05-06 10:11:13 - INFO - Th∆∞ m·ª•c l√†m vi·ªác: E:\Hoctap\LT06\DoAn\ChiNgoc\OSS_Project-main
2025-05-06 10:11:13 - INFO - B·∫Øt ƒë·∫ßu thu th·∫≠p 2 hi·ªán v·∫≠t ƒë∆∞·ª£c ch·ªçn
2025-05-06 10:11:14 - INFO - B·∫Øt ƒë·∫ßu x·ª≠ l√Ω hi·ªán v·∫≠t: C·∫•u h√¨nh ƒë·ªãa ch·ªâ IP
2025-05-06 10:11:14 - INFO - B·∫Øt ƒë·∫ßu thu th·∫≠p: Ip Setting Info
2025-05-06 10:11:14 - INFO - Ho√†n th√†nh thu th·∫≠p Ip Setting Info trong 0.05 gi√¢y
2025-05-06 10:11:14 - INFO - Ho√†n th√†nh x·ª≠ l√Ω hi·ªán v·∫≠t: C·∫•u h√¨nh ƒë·ªãa ch·ªâ IP
2025-05-06 10:11:14 - INFO - B·∫Øt ƒë·∫ßu x·ª≠ l√Ω hi·ªán v·∫≠t: L·ªãch s·ª≠ ƒëƒÉng nh·∫≠p h·ªá th·ªëng
2025-05-06 10:11:14 - INFO - B·∫Øt ƒë·∫ßu thu th·∫≠p: Sys Logon Info
2025-05-06 10:11:37 - ERROR - L·ªói khi thu th·∫≠p Sys Logon Info: (1314, 'OpenEventLogW', 'A required privilege is not held by the client.')
Traceback (most recent call last):
  File "e:\Hoctap\LT06\DoAn\ChiNgoc\OSS_Project-main\Artifact_Collection_Tool.py", line 143, in wrapper
    result = func(output_dir, *args, **kwargs)
  File "e:\Hoctap\LT06\DoAn\ChiNgoc\OSS_Project-main\Artifact_Collection_Tool.py", line 676, in sys_logon_info_func
    hand = win32evtlog.OpenEventLog(server, logtype)
pywintypes.error: (1314, 'OpenEventLogW', 'A required privilege is not held by the client.')
2025-05-06 10:11:37 - ERROR - L·ªói khi x·ª≠ l√Ω hi·ªán v·∫≠t L·ªãch s·ª≠ ƒëƒÉng nh·∫≠p h·ªá th·ªëng: (1314, 'OpenEventLogW', 'A required privilege is not held by the client.')
Traceback (most recent call last):
  File "e:\Hoctap\LT06\DoAn\ChiNgoc\OSS_Project-main\Artifact_Collection_Tool.py", line 1274, in execute_and_save_artifacts
    func(output_directory)
    ~~~~^^^^^^^^^^^^^^^^^^
  File "e:\Hoctap\LT06\DoAn\ChiNgoc\OSS_Project-main\Artifact_Collection_Tool.py", line 143, in wrapper
    result = func(output_dir, *args, **kwargs)
  File "e:\Hoctap\LT06\DoAn\ChiNgoc\OSS_Project-main\Artifact_Collection_Tool.py", line 676, in sys_logon_info_func
    hand = win32evtlog.OpenEventLog(server, logtype)
pywintypes.error: (1314, 'OpenEventLogW', 'A required privilege is not held by the client.')
2025-05-06 10:11:37 - INFO - ƒê√£ ho√†n th√†nh t·∫•t c·∫£ t√°c v·ª• thu th·∫≠p
2025-05-06 11:00:20 - INFO - ==================================================
2025-05-06 11:00:20 - INFO - Kh·ªüi ƒë·ªông ch∆∞∆°ng tr√¨nh thu th·∫≠p hi·ªán v·∫≠t s·ªë
2025-05-06 11:00:20 - INFO - Th∆∞ m·ª•c l√†m vi·ªác: E:\Hoctap\LT06\DoAn\ChiNgoc\OSS_Project-main
2025-05-06 11:00:20 - INFO - B·∫Øt ƒë·∫ßu thu th·∫≠p 1 hi·ªán v·∫≠t ƒë∆∞·ª£c ch·ªçn
2025-05-06 11:00:20 - INFO - B·∫Øt ƒë·∫ßu x·ª≠ l√Ω hi·ªán v·∫≠t: C·∫•u h√¨nh ƒë·ªãa ch·ªâ IP
2025-05-06 11:00:20 - INFO - B·∫Øt ƒë·∫ßu thu th·∫≠p: Ip Setting Info
2025-05-06 11:00:20 - INFO - Ho√†n th√†nh thu th·∫≠p Ip Setting Info trong 0.04 gi√¢y
2025-05-06 11:00:20 - INFO - Ho√†n th√†nh x·ª≠ l√Ω hi·ªán v·∫≠t: C·∫•u h√¨nh ƒë·ªãa ch·ªâ IP
2025-05-06 11:00:20 - INFO - ƒê√£ ho√†n th√†nh t·∫•t c·∫£ t√°c v·ª• thu th·∫≠p
2025-05-06 11:00:50 - INFO - ==================================================
2025-05-06 11:00:50 - INFO - Kh·ªüi ƒë·ªông ch∆∞∆°ng tr√¨nh thu th·∫≠p hi·ªán v·∫≠t s·ªë
2025-05-06 11:00:50 - INFO - Th∆∞ m·ª•c l√†m vi·ªác: E:\Hoctap\LT06\DoAn\ChiNgoc\OSS_Project-main
2025-05-06 11:00:50 - INFO - B·∫Øt ƒë·∫ßu thu th·∫≠p 1 hi·ªán v·∫≠t ƒë∆∞·ª£c ch·ªçn
2025-05-06 11:00:50 - INFO - B·∫Øt ƒë·∫ßu x·ª≠ l√Ω hi·ªán v·∫≠t: L·ªãch s·ª≠ ƒëƒÉng nh·∫≠p h·ªá th·ªëng
2025-05-06 11:00:50 - INFO - B·∫Øt ƒë·∫ßu thu th·∫≠p: Sys Logon Info
2025-05-06 11:01:13 - ERROR - L·ªói khi thu th·∫≠p Sys Logon Info: (1314, 'OpenEventLogW', 'A required privilege is not held by the client.')
Traceback (most recent call last):
  File "e:\Hoctap\LT06\DoAn\ChiNgoc\OSS_Project-main\Artifact_Collection_Tool.py", line 143, in wrapper
    result = func(output_dir, *args, **kwargs)
  File "e:\Hoctap\LT06\DoAn\ChiNgoc\OSS_Project-main\Artifact_Collection_Tool.py", line 676, in sys_logon_info_func
    hand = win32evtlog.OpenEventLog(server, logtype)
pywintypes.error: (1314, 'OpenEventLogW', 'A required privilege is not held by the client.')
2025-05-06 11:01:13 - ERROR - L·ªói khi x·ª≠ l√Ω hi·ªán v·∫≠t L·ªãch s·ª≠ ƒëƒÉng nh·∫≠p h·ªá th·ªëng: (1314, 'OpenEventLogW', 'A required privilege is not held by the client.')
Traceback (most recent call last):
  File "e:\Hoctap\LT06\DoAn\ChiNgoc\OSS_Project-main\Artifact_Collection_Tool.py", line 1367, in execute_and_save_artifacts
    func(output_directory)
    ~~~~^^^^^^^^^^^^^^^^^^
  File "e:\Hoctap\LT06\DoAn\ChiNgoc\OSS_Project-main\Artifact_Collection_Tool.py", line 143, in wrapper
    result = func(output_dir, *args, **kwargs)
  File "e:\Hoctap\LT06\DoAn\ChiNgoc\OSS_Project-main\Artifact_Collection_Tool.py", line 676, in sys_logon_info_func
    hand = win32evtlog.OpenEventLog(server, logtype)
pywintypes.error: (1314, 'OpenEventLogW', 'A required privilege is not held by the client.')
2025-05-06 11:01:13 - INFO - ƒê√£ ho√†n th√†nh t·∫•t c·∫£ t√°c v·ª• thu th·∫≠p
2025-05-06 11:01:55 - INFO - ==================================================
2025-05-06 11:01:55 - INFO - Kh·ªüi ƒë·ªông ch∆∞∆°ng tr√¨nh thu th·∫≠p hi·ªán v·∫≠t s·ªë
2025-05-06 11:01:55 - INFO - Th∆∞ m·ª•c l√†m vi·ªác: E:\Hoctap\LT06\DoAn\ChiNgoc\OSS_Project-main
2025-05-06 11:01:55 - INFO - B·∫Øt ƒë·∫ßu thu th·∫≠p 1 hi·ªán v·∫≠t ƒë∆∞·ª£c ch·ªçn
2025-05-06 11:01:55 - INFO - B·∫Øt ƒë·∫ßu x·ª≠ l√Ω hi·ªán v·∫≠t: Bi·∫øn m√¥i tr∆∞·ªùng
2025-05-06 11:01:55 - INFO - B·∫Øt ƒë·∫ßu thu th·∫≠p: Environment
2025-05-06 11:01:55 - INFO - Ho√†n th√†nh thu th·∫≠p Environment trong 0.00 gi√¢y
2025-05-06 11:01:55 - INFO - Ho√†n th√†nh x·ª≠ l√Ω hi·ªán v·∫≠t: Bi·∫øn m√¥i tr∆∞·ªùng
2025-05-06 11:01:55 - INFO - ƒê√£ ho√†n th√†nh t·∫•t c·∫£ t√°c v·ª• thu th·∫≠p
2025-05-06 11:09:13 - INFO - ==================================================
2025-05-06 11:09:13 - INFO - Kh·ªüi ƒë·ªông ch∆∞∆°ng tr√¨nh thu th·∫≠p hi·ªán v·∫≠t s·ªë
2025-05-06 11:09:13 - INFO - Th∆∞ m·ª•c l√†m vi·ªác: E:\Hoctap\LT06\DoAn\ChiNgoc\OSS_Project-main
2025-05-06 11:09:13 - INFO - B·∫Øt ƒë·∫ßu thu th·∫≠p 1 hi·ªán v·∫≠t ƒë∆∞·ª£c ch·ªçn
2025-05-06 11:09:13 - INFO - B·∫Øt ƒë·∫ßu x·ª≠ l√Ω hi·ªán v·∫≠t: C·∫•u h√¨nh ƒë·ªãa ch·ªâ IP
2025-05-06 11:09:13 - INFO - B·∫Øt ƒë·∫ßu thu th·∫≠p: Ip Setting Info
2025-05-06 11:09:13 - INFO - Ho√†n th√†nh thu th·∫≠p Ip Setting Info trong 0.04 gi√¢y
2025-05-06 11:09:13 - INFO - Ho√†n th√†nh x·ª≠ l√Ω hi·ªán v·∫≠t: C·∫•u h√¨nh ƒë·ªãa ch·ªâ IP
2025-05-06 11:09:13 - INFO - ƒê√£ ho√†n th√†nh t·∫•t c·∫£ t√°c v·ª• thu th·∫≠p
2025-05-06 11:22:24 - INFO - ==================================================
2025-05-06 11:22:24 - INFO - Kh·ªüi ƒë·ªông ch∆∞∆°ng tr√¨nh thu th·∫≠p hi·ªán v·∫≠t s·ªë
2025-05-06 11:22:24 - INFO - Th∆∞ m·ª•c l√†m vi·ªác: E:\Hoctap\LT06\DoAn\ChiNgoc\OSS_Project-main
2025-05-06 11:22:24 - INFO - B·∫Øt ƒë·∫ßu thu th·∫≠p 1 hi·ªán v·∫≠t ƒë∆∞·ª£c ch·ªçn
2025-05-06 11:22:24 - INFO - B·∫Øt ƒë·∫ßu x·ª≠ l√Ω hi·ªán v·∫≠t: C·∫•u h√¨nh ƒë·ªãa ch·ªâ IP
2025-05-06 11:22:24 - INFO - B·∫Øt ƒë·∫ßu thu th·∫≠p: Ip Setting Info
2025-05-06 11:22:24 - INFO - Ho√†n th√†nh thu th·∫≠p Ip Setting Info trong 0.02 gi√¢y
2025-05-06 11:22:24 - INFO - Ho√†n th√†nh x·ª≠ l√Ω hi·ªán v·∫≠t: C·∫•u h√¨nh ƒë·ªãa ch·ªâ IP
2025-05-06 11:22:24 - INFO - ƒê√£ ho√†n th√†nh t·∫•t c·∫£ t√°c v·ª• thu th·∫≠p
2025-05-06 11:23:20 - INFO - ==================================================
2025-05-06 11:23:20 - INFO - Kh·ªüi ƒë·ªông ch∆∞∆°ng tr√¨nh thu th·∫≠p hi·ªán v·∫≠t s·ªë
2025-05-06 11:23:20 - INFO - Th∆∞ m·ª•c l√†m vi·ªác: E:\Hoctap\LT06\DoAn\ChiNgoc\OSS_Project-main
2025-05-06 11:23:20 - INFO - B·∫Øt ƒë·∫ßu thu th·∫≠p 1 hi·ªán v·∫≠t ƒë∆∞·ª£c ch·ªçn
2025-05-06 11:23:20 - INFO - B·∫Øt ƒë·∫ßu x·ª≠ l√Ω hi·ªán v·∫≠t: C·∫•u h√¨nh ƒë·ªãa ch·ªâ IP
2025-05-06 11:23:20 - INFO - B·∫Øt ƒë·∫ßu thu th·∫≠p: Ip Setting Info
2025-05-06 11:23:20 - INFO - Ho√†n th√†nh thu th·∫≠p Ip Setting Info trong 0.02 gi√¢y
2025-05-06 11:23:20 - INFO - Ho√†n th√†nh x·ª≠ l√Ω hi·ªán v·∫≠t: C·∫•u h√¨nh ƒë·ªãa ch·ªâ IP
2025-05-06 11:23:20 - INFO - ƒê√£ ho√†n th√†nh t·∫•t c·∫£ t√°c v·ª• thu th·∫≠p
2025-05-06 11:23:57 - INFO - ==================================================
2025-05-06 11:23:57 - INFO - Kh·ªüi ƒë·ªông ch∆∞∆°ng tr√¨nh thu th·∫≠p hi·ªán v·∫≠t s·ªë
2025-05-06 11:23:57 - INFO - Th∆∞ m·ª•c l√†m vi·ªác: E:\Hoctap\LT06\DoAn\ChiNgoc\OSS_Project-main
2025-05-06 11:23:57 - INFO - B·∫Øt ƒë·∫ßu thu th·∫≠p 0 hi·ªán v·∫≠t ƒë∆∞·ª£c ch·ªçn
2025-05-06 11:23:57 - INFO - ƒê√£ ho√†n th√†nh t·∫•t c·∫£ t√°c v·ª• thu th·∫≠p
2025-05-06 12:26:23 - INFO - ==================================================
2025-05-06 12:26:23 - INFO - Kh·ªüi ƒë·ªông ch∆∞∆°ng tr√¨nh thu th·∫≠p hi·ªán v·∫≠t s·ªë
2025-05-06 12:26:23 - INFO - Th∆∞ m·ª•c l√†m vi·ªác: E:\Hoctap\LT06\DoAn\ChiNgoc\OSS_Project-main
2025-05-06 12:26:33 - INFO - ==================================================
2025-05-06 12:26:33 - INFO - Kh·ªüi ƒë·ªông ch∆∞∆°ng tr√¨nh thu th·∫≠p hi·ªán v·∫≠t s·ªë
2025-05-06 12:26:33 - INFO - Th∆∞ m·ª•c l√†m vi·ªác: E:\Hoctap\LT06\DoAn\ChiNgoc\OSS_Project-main
2025-05-06 12:26:53 - INFO - ==================================================
2025-05-06 12:26:53 - INFO - Kh·ªüi ƒë·ªông ch∆∞∆°ng tr√¨nh thu th·∫≠p hi·ªán v·∫≠t s·ªë
2025-05-06 12:26:53 - INFO - Th∆∞ m·ª•c l√†m vi·ªác: E:\Hoctap\LT06\DoAn\ChiNgoc\OSS_Project-main
2025-05-06 12:27:26 - INFO - ==================================================
2025-05-06 12:27:26 - INFO - Kh·ªüi ƒë·ªông ch∆∞∆°ng tr√¨nh thu th·∫≠p hi·ªán v·∫≠t s·ªë
2025-05-06 12:27:26 - INFO - Th∆∞ m·ª•c l√†m vi·ªác: E:\Hoctap\LT06\DoAn\ChiNgoc\OSS_Project-main
2025-05-06 12:27:26 - INFO - B·∫Øt ƒë·∫ßu thu th·∫≠p 2 hi·ªán v·∫≠t ƒë∆∞·ª£c ch·ªçn
2025-05-06 12:27:26 - INFO - B·∫Øt ƒë·∫ßu x·ª≠ l√Ω hi·ªán v·∫≠t: C·∫•u h√¨nh ƒë·ªãa ch·ªâ IP
2025-05-06 12:27:26 - INFO - B·∫Øt ƒë·∫ßu thu th·∫≠p: Ip Setting Info
2025-05-06 12:27:26 - INFO - Ho√†n th√†nh thu th·∫≠p Ip Setting Info trong 0.02 gi√¢y
2025-05-06 12:27:26 - INFO - Ho√†n th√†nh x·ª≠ l√Ω hi·ªán v·∫≠t: C·∫•u h√¨nh ƒë·ªãa ch·ªâ IP
2025-05-06 12:27:26 - INFO - B·∫Øt ƒë·∫ßu x·ª≠ l√Ω hi·ªán v·∫≠t: D·ªãch v·ª• ƒë√£ ƒëƒÉng k√Ω
2025-05-06 12:27:26 - INFO - B·∫Øt ƒë·∫ßu thu th·∫≠p: Regi Service Info
2025-05-06 12:27:26 - INFO - Ho√†n th√†nh thu th·∫≠p Regi Service Info trong 0.02 gi√¢y
2025-05-06 12:27:26 - INFO - Ho√†n th√†nh x·ª≠ l√Ω hi·ªán v·∫≠t: D·ªãch v·ª• ƒë√£ ƒëƒÉng k√Ω
2025-05-06 12:27:26 - INFO - ƒê√£ ho√†n th√†nh t·∫•t c·∫£ t√°c v·ª• thu th·∫≠p
2025-05-06 12:29:51 - INFO - ==================================================
2025-05-06 12:29:51 - INFO - Kh·ªüi ƒë·ªông ch∆∞∆°ng tr√¨nh thu th·∫≠p hi·ªán v·∫≠t s·ªë
2025-05-06 12:29:51 - INFO - Th∆∞ m·ª•c l√†m vi·ªác: E:\Hoctap\LT06\DoAn\ChiNgoc\OSS_Project-main
2025-05-06 12:29:51 - INFO - B·∫Øt ƒë·∫ßu thu th·∫≠p 1 hi·ªán v·∫≠t ƒë∆∞·ª£c ch·ªçn
2025-05-06 12:29:51 - INFO - B·∫Øt ƒë·∫ßu x·ª≠ l√Ω hi·ªán v·∫≠t: C·∫•u h√¨nh ƒë·ªãa ch·ªâ IP
2025-05-06 12:29:51 - INFO - B·∫Øt ƒë·∫ßu thu th·∫≠p: Ip Setting Info
2025-05-06 12:29:51 - INFO - Ho√†n th√†nh thu th·∫≠p Ip Setting Info trong 0.02 gi√¢y
2025-05-06 12:29:51 - INFO - Ho√†n th√†nh x·ª≠ l√Ω hi·ªán v·∫≠t: C·∫•u h√¨nh ƒë·ªãa ch·ªâ IP
2025-05-06 12:29:51 - INFO - ƒê√£ ho√†n th√†nh t·∫•t c·∫£ t√°c v·ª• thu th·∫≠p
2025-05-06 12:36:08 - INFO - ==================================================
2025-05-06 12:36:08 - INFO - Kh·ªüi ƒë·ªông ch∆∞∆°ng tr√¨nh thu th·∫≠p hi·ªán v·∫≠t s·ªë
2025-05-06 12:36:08 - INFO - Th∆∞ m·ª•c l√†m vi·ªác: E:/Hoctap/LT06/DoAn/ChiNgoc/OSS_Project-main
2025-05-06 12:36:08 - INFO - B·∫Øt ƒë·∫ßu thu th·∫≠p 1 hi·ªán v·∫≠t ƒë∆∞·ª£c ch·ªçn
2025-05-06 12:36:08 - INFO - B·∫Øt ƒë·∫ßu x·ª≠ l√Ω hi·ªán v·∫≠t: C·∫•u h√¨nh ƒë·ªãa ch·ªâ IP
2025-05-06 12:36:08 - INFO - B·∫Øt ƒë·∫ßu thu th·∫≠p: Ip Setting Info
2025-05-06 12:36:08 - INFO - Ho√†n th√†nh thu th·∫≠p Ip Setting Info trong 0.02 gi√¢y
2025-05-06 12:36:08 - INFO - Ho√†n th√†nh x·ª≠ l√Ω hi·ªán v·∫≠t: C·∫•u h√¨nh ƒë·ªãa ch·ªâ IP
2025-05-06 12:36:08 - INFO - ƒê√£ ho√†n th√†nh t·∫•t c·∫£ t√°c v·ª• thu th·∫≠p
2025-05-06 12:36:23 - INFO - ==================================================
2025-05-06 12:36:23 - INFO - Kh·ªüi ƒë·ªông ch∆∞∆°ng tr√¨nh thu th·∫≠p hi·ªán v·∫≠t s·ªë
2025-05-06 12:36:23 - INFO - Th∆∞ m·ª•c l√†m vi·ªác: 
2025-05-06 12:36:23 - INFO - B·∫Øt ƒë·∫ßu thu th·∫≠p 1 hi·ªán v·∫≠t ƒë∆∞·ª£c ch·ªçn
2025-05-06 12:36:23 - INFO - B·∫Øt ƒë·∫ßu x·ª≠ l√Ω hi·ªán v·∫≠t: C·∫•u h√¨nh ƒë·ªãa ch·ªâ IP
2025-05-06 12:36:23 - INFO - B·∫Øt ƒë·∫ßu thu th·∫≠p: Ip Setting Info
2025-05-06 12:36:23 - INFO - Ho√†n th√†nh thu th·∫≠p Ip Setting Info trong 0.02 gi√¢y
2025-05-06 12:36:23 - INFO - Ho√†n th√†nh x·ª≠ l√Ω hi·ªán v·∫≠t: C·∫•u h√¨nh ƒë·ªãa ch·ªâ IP
2025-05-06 12:36:23 - INFO - ƒê√£ ho√†n th√†nh t·∫•t c·∫£ t√°c v·ª• thu th·∫≠p
2025-05-06 12:36:38 - INFO - ==================================================
2025-05-06 12:36:38 - INFO - Kh·ªüi ƒë·ªông ch∆∞∆°ng tr√¨nh thu th·∫≠p hi·ªán v·∫≠t s·ªë
2025-05-06 12:36:38 - INFO - Th∆∞ m·ª•c l√†m vi·ªác: E:/Hoctap/LT06/DoAn/ChiNgoc/OSS_Project-main
2025-05-06 12:36:38 - INFO - B·∫Øt ƒë·∫ßu thu th·∫≠p 1 hi·ªán v·∫≠t ƒë∆∞·ª£c ch·ªçn
2025-05-06 12:36:38 - INFO - B·∫Øt ƒë·∫ßu x·ª≠ l√Ω hi·ªán v·∫≠t: C·∫•u h√¨nh ƒë·ªãa ch·ªâ IP
2025-05-06 12:36:38 - INFO - B·∫Øt ƒë·∫ßu thu th·∫≠p: Ip Setting Info
2025-05-06 12:36:38 - INFO - Ho√†n th√†nh thu th·∫≠p Ip Setting Info trong 0.02 gi√¢y
2025-05-06 12:36:38 - INFO - Ho√†n th√†nh x·ª≠ l√Ω hi·ªán v·∫≠t: C·∫•u h√¨nh ƒë·ªãa ch·ªâ IP
2025-05-06 12:36:38 - INFO - ƒê√£ ho√†n th√†nh t·∫•t c·∫£ t√°c v·ª• thu th·∫≠p
2025-05-06 12:37:00 - INFO - ==================================================
2025-05-06 12:37:00 - INFO - Kh·ªüi ƒë·ªông ch∆∞∆°ng tr√¨nh thu th·∫≠p hi·ªán v·∫≠t s·ªë
2025-05-06 12:37:00 - INFO - Th∆∞ m·ª•c l√†m vi·ªác: E:/Hoctap/LT06/DoAn/ChiNgoc/OSS_Project-main
2025-05-06 12:37:00 - INFO - B·∫Øt ƒë·∫ßu thu th·∫≠p 1 hi·ªán v·∫≠t ƒë∆∞·ª£c ch·ªçn
2025-05-06 12:37:00 - INFO - B·∫Øt ƒë·∫ßu x·ª≠ l√Ω hi·ªán v·∫≠t: D·ªØ li·ªáu Registry Hive
2025-05-06 12:37:00 - INFO - B·∫Øt ƒë·∫ßu thu th·∫≠p: Regi Hive
2025-05-06 12:37:00 - INFO - Ho√†n th√†nh thu th·∫≠p Regi Hive trong 0.71 gi√¢y
2025-05-06 12:37:00 - INFO - Ho√†n th√†nh x·ª≠ l√Ω hi·ªán v·∫≠t: D·ªØ li·ªáu Registry Hive
2025-05-06 12:37:00 - INFO - ƒê√£ ho√†n th√†nh t·∫•t c·∫£ t√°c v·ª• thu th·∫≠p
2025-05-06 12:37:25 - INFO - ==================================================
2025-05-06 12:37:25 - INFO - Kh·ªüi ƒë·ªông ch∆∞∆°ng tr√¨nh thu th·∫≠p hi·ªán v·∫≠t s·ªë
2025-05-06 12:37:25 - INFO - Th∆∞ m·ª•c l√†m vi·ªác: E:/Hoctap/LT06/DoAn/ChiNgoc/OSS_Project-main
2025-05-06 12:37:25 - INFO - B·∫Øt ƒë·∫ßu thu th·∫≠p 1 hi·ªán v·∫≠t ƒë∆∞·ª£c ch·ªçn
2025-05-06 12:37:25 - INFO - B·∫Øt ƒë·∫ßu x·ª≠ l√Ω hi·ªán v·∫≠t: Nh·∫≠t k√Ω PowerShell
2025-05-06 12:37:25 - INFO - B·∫Øt ƒë·∫ßu thu th·∫≠p: Powershell Log
2025-05-06 12:37:25 - INFO - Ho√†n th√†nh thu th·∫≠p Powershell Log trong 0.72 gi√¢y
2025-05-06 12:37:25 - INFO - Ho√†n th√†nh x·ª≠ l√Ω hi·ªán v·∫≠t: Nh·∫≠t k√Ω PowerShell
2025-05-06 12:37:25 - INFO - ƒê√£ ho√†n th√†nh t·∫•t c·∫£ t√°c v·ª• thu th·∫≠p
2025-05-06 12:40:59 - INFO - ==================================================
2025-05-06 12:40:59 - INFO - Kh·ªüi ƒë·ªông ch∆∞∆°ng tr√¨nh thu th·∫≠p hi·ªán v·∫≠t s·ªë
2025-05-06 12:40:59 - INFO - Th∆∞ m·ª•c l√†m vi·ªác: E:/Hoctap/LT06/DoAn/ChiNgoc/OSS_Project-main
2025-05-06 12:40:59 - INFO - B·∫Øt ƒë·∫ßu thu th·∫≠p 1 hi·ªán v·∫≠t ƒë∆∞·ª£c ch·ªçn
2025-05-06 12:40:59 - INFO - B·∫Øt ƒë·∫ßu x·ª≠ l√Ω hi·ªán v·∫≠t: B·∫£ng ARP
2025-05-06 12:40:59 - INFO - B·∫Øt ƒë·∫ßu thu th·∫≠p: Arp Info
2025-05-06 12:40:59 - INFO - Ho√†n th√†nh thu th·∫≠p Arp Info trong 0.04 gi√¢y
2025-05-06 12:40:59 - INFO - Ho√†n th√†nh x·ª≠ l√Ω hi·ªán v·∫≠t: B·∫£ng ARP
2025-05-06 12:40:59 - INFO - ƒê√£ ho√†n th√†nh t·∫•t c·∫£ t√°c v·ª• thu th·∫≠p
2025-05-06 12:42:49 - INFO - ==================================================
2025-05-06 12:42:49 - INFO - Kh·ªüi ƒë·ªông ch∆∞∆°ng tr√¨nh thu th·∫≠p hi·ªán v·∫≠t s·ªë
2025-05-06 12:42:49 - INFO - Th∆∞ m·ª•c l√†m vi·ªác: E:/Hoctap/LT06/DoAn/ChiNgoc/OSS_Project-main
2025-05-06 12:42:49 - INFO - B·∫Øt ƒë·∫ßu thu th·∫≠p 1 hi·ªán v·∫≠t ƒë∆∞·ª£c ch·ªçn
2025-05-06 12:42:49 - INFO - B·∫Øt ƒë·∫ßu x·ª≠ l√Ω hi·ªán v·∫≠t: B·∫£ng ARP
2025-05-06 12:42:49 - INFO - B·∫Øt ƒë·∫ßu thu th·∫≠p: Arp Info
2025-05-06 12:42:49 - INFO - Ho√†n th√†nh thu th·∫≠p Arp Info trong 0.03 gi√¢y
2025-05-06 12:42:49 - INFO - Ho√†n th√†nh x·ª≠ l√Ω hi·ªán v·∫≠t: B·∫£ng ARP
2025-05-06 12:42:49 - INFO - ƒê√£ ho√†n th√†nh t·∫•t c·∫£ t√°c v·ª• thu th·∫≠p
2025-05-06 12:46:52 - INFO - ==================================================
2025-05-06 12:46:52 - INFO - Kh·ªüi ƒë·ªông ch∆∞∆°ng tr√¨nh thu th·∫≠p hi·ªán v·∫≠t s·ªë
2025-05-06 12:46:52 - INFO - Th∆∞ m·ª•c l√†m vi·ªác: E:/Hoctap/LT06/DoAn/ChiNgoc/OSS_Project-main
2025-05-06 12:46:52 - INFO - B·∫Øt ƒë·∫ßu thu th·∫≠p 0 hi·ªán v·∫≠t ƒë∆∞·ª£c ch·ªçn
2025-05-06 12:46:52 - INFO - ƒê√£ ho√†n th√†nh t·∫•t c·∫£ t√°c v·ª• thu th·∫≠p
2025-05-06 12:52:52 - INFO - ==================================================
2025-05-06 12:52:52 - INFO - Kh·ªüi ƒë·ªông ch∆∞∆°ng tr√¨nh thu th·∫≠p hi·ªán v·∫≠t s·ªë
2025-05-06 12:52:52 - INFO - Th∆∞ m·ª•c l√†m vi·ªác: 
2025-05-06 12:52:52 - INFO - B·∫Øt ƒë·∫ßu thu th·∫≠p 1 hi·ªán v·∫≠t ƒë∆∞·ª£c ch·ªçn
2025-05-06 12:52:52 - INFO - B·∫Øt ƒë·∫ßu x·ª≠ l√Ω hi·ªán v·∫≠t: C·∫•u h√¨nh ƒë·ªãa ch·ªâ IP
2025-05-06 12:52:52 - INFO - B·∫Øt ƒë·∫ßu thu th·∫≠p: Ip Setting Info
2025-05-06 12:52:52 - INFO - Ho√†n th√†nh thu th·∫≠p Ip Setting Info trong 0.02 gi√¢y
2025-05-06 12:52:52 - INFO - Ho√†n th√†nh x·ª≠ l√Ω hi·ªán v·∫≠t: C·∫•u h√¨nh ƒë·ªãa ch·ªâ IP
2025-05-06 12:52:52 - INFO - ƒê√£ ho√†n th√†nh t·∫•t c·∫£ t√°c v·ª• thu th·∫≠p
2025-05-06 12:53:04 - INFO - ==================================================
2025-05-06 12:53:04 - INFO - Kh·ªüi ƒë·ªông ch∆∞∆°ng tr√¨nh thu th·∫≠p hi·ªán v·∫≠t s·ªë
2025-05-06 12:53:04 - INFO - Th∆∞ m·ª•c l√†m vi·ªác: E:/Hoctap/LT06/DoAn/ChiNgoc/OSS_Project-main
2025-05-06 12:53:04 - INFO - B·∫Øt ƒë·∫ßu thu th·∫≠p 1 hi·ªán v·∫≠t ƒë∆∞·ª£c ch·ªçn
2025-05-06 12:53:04 - INFO - B·∫Øt ƒë·∫ßu x·ª≠ l√Ω hi·ªán v·∫≠t: Th√¥ng tin h·ªá th·ªëng
2025-05-06 12:53:04 - INFO - B·∫Øt ƒë·∫ßu thu th·∫≠p: Sys Info
2025-05-06 12:53:36 - INFO - Ho√†n th√†nh thu th·∫≠p Sys Info trong 32.52 gi√¢y
2025-05-06 12:53:36 - INFO - Ho√†n th√†nh x·ª≠ l√Ω hi·ªán v·∫≠t: Th√¥ng tin h·ªá th·ªëng
2025-05-06 12:53:36 - INFO - ƒê√£ ho√†n th√†nh t·∫•t c·∫£ t√°c v·ª• thu th·∫≠p
2025-05-06 12:53:36 - INFO - ==================================================
2025-05-06 12:53:36 - INFO - ==================================================
2025-05-06 12:53:36 - INFO - Kh·ªüi ƒë·ªông ch∆∞∆°ng tr√¨nh thu th·∫≠p hi·ªán v·∫≠t s·ªë
2025-05-06 12:53:36 - INFO - Kh·ªüi ƒë·ªông ch∆∞∆°ng tr√¨nh thu th·∫≠p hi·ªán v·∫≠t s·ªë
2025-05-06 12:53:36 - INFO - Th∆∞ m·ª•c l√†m vi·ªác: E:/Hoctap/LT06/DoAn/ChiNgoc/OSS_Project-main
2025-05-06 12:53:36 - INFO - Th∆∞ m·ª•c l√†m vi·ªác: E:/Hoctap/LT06/DoAn/ChiNgoc/OSS_Project-main
2025-05-06 12:53:36 - INFO - B·∫Øt ƒë·∫ßu thu th·∫≠p 1 hi·ªán v·∫≠t ƒë∆∞·ª£c ch·ªçn
2025-05-06 12:53:36 - INFO - B·∫Øt ƒë·∫ßu thu th·∫≠p 1 hi·ªán v·∫≠t ƒë∆∞·ª£c ch·ªçn
2025-05-06 12:53:36 - INFO - B·∫Øt ƒë·∫ßu x·ª≠ l√Ω hi·ªán v·∫≠t: Th√¥ng tin h·ªá th·ªëng
2025-05-06 12:53:36 - INFO - B·∫Øt ƒë·∫ßu x·ª≠ l√Ω hi·ªán v·∫≠t: Th√¥ng tin h·ªá th·ªëng
2025-05-06 12:53:36 - INFO - B·∫Øt ƒë·∫ßu thu th·∫≠p: Sys Info
2025-05-06 12:53:36 - INFO - B·∫Øt ƒë·∫ßu thu th·∫≠p: Sys Info
2025-05-06 12:55:18 - INFO - ==================================================
2025-05-06 12:55:18 - INFO - Kh·ªüi ƒë·ªông ch∆∞∆°ng tr√¨nh thu th·∫≠p hi·ªán v·∫≠t s·ªë
2025-05-06 12:55:18 - INFO - Th∆∞ m·ª•c l√†m vi·ªác: E:/Hoctap/LT06/DoAn/ChiNgoc/OSS_Project-main
2025-05-06 12:55:18 - INFO - B·∫Øt ƒë·∫ßu thu th·∫≠p 1 hi·ªán v·∫≠t ƒë∆∞·ª£c ch·ªçn
2025-05-06 12:55:18 - INFO - B·∫Øt ƒë·∫ßu x·ª≠ l√Ω hi·ªán v·∫≠t: Th√¥ng tin h·ªá th·ªëng
2025-05-06 12:55:18 - INFO - B·∫Øt ƒë·∫ßu thu th·∫≠p: Sys Info
2025-05-06 12:56:31 - INFO - ==================================================
2025-05-06 12:56:31 - INFO - Kh·ªüi ƒë·ªông ch∆∞∆°ng tr√¨nh thu th·∫≠p hi·ªán v·∫≠t s·ªë
2025-05-06 12:56:31 - INFO - Th∆∞ m·ª•c l√†m vi·ªác: E:/Hoctap/LT06/DoAn/ChiNgoc/OSS_Project-main
2025-05-06 12:56:31 - INFO - B·∫Øt ƒë·∫ßu thu th·∫≠p 1 hi·ªán v·∫≠t ƒë∆∞·ª£c ch·ªçn
2025-05-06 12:56:31 - INFO - B·∫Øt ƒë·∫ßu x·ª≠ l√Ω hi·ªán v·∫≠t: C·∫•u h√¨nh ƒë·ªãa ch·ªâ IP
2025-05-06 12:56:31 - INFO - B·∫Øt ƒë·∫ßu thu th·∫≠p: Ip Setting Info
2025-05-06 12:56:31 - INFO - Ho√†n th√†nh thu th·∫≠p Ip Setting Info trong 0.02 gi√¢y
2025-05-06 12:56:31 - INFO - Ho√†n th√†nh x·ª≠ l√Ω hi·ªán v·∫≠t: C·∫•u h√¨nh ƒë·ªãa ch·ªâ IP
2025-05-06 12:56:31 - INFO - ƒê√£ ho√†n th√†nh t·∫•t c·∫£ t√°c v·ª• thu th·∫≠p
2025-05-06 12:56:59 - INFO - ==================================================
2025-05-06 12:56:59 - INFO - Kh·ªüi ƒë·ªông ch∆∞∆°ng tr√¨nh thu th·∫≠p hi·ªán v·∫≠t s·ªë
2025-05-06 12:56:59 - INFO - Th∆∞ m·ª•c l√†m vi·ªác: E:/Hoctap/LT06/DoAn/ChiNgoc/OSS_Project-main
2025-05-06 12:56:59 - INFO - B·∫Øt ƒë·∫ßu thu th·∫≠p 1 hi·ªán v·∫≠t ƒë∆∞·ª£c ch·ªçn
2025-05-06 12:56:59 - INFO - B·∫Øt ƒë·∫ßu x·ª≠ l√Ω hi·ªán v·∫≠t: Th√¥ng tin k·∫øt n·ªëi (c·ªïng ƒëang m·ªü)
2025-05-06 12:56:59 - INFO - B·∫Øt ƒë·∫ßu thu th·∫≠p: Connection Info
2025-05-06 12:57:52 - INFO - ==================================================
2025-05-06 12:57:52 - INFO - Kh·ªüi ƒë·ªông ch∆∞∆°ng tr√¨nh thu th·∫≠p hi·ªán v·∫≠t s·ªë
2025-05-06 12:57:52 - INFO - Th∆∞ m·ª•c l√†m vi·ªác: E:/Hoctap/LT06/DoAn/ChiNgoc/OSS_Project-main
2025-05-06 12:57:52 - INFO - B·∫Øt ƒë·∫ßu thu th·∫≠p 1 hi·ªán v·∫≠t ƒë∆∞·ª£c ch·ªçn
2025-05-06 12:57:52 - INFO - B·∫Øt ƒë·∫ßu x·ª≠ l√Ω hi·ªán v·∫≠t: C·∫•u h√¨nh ƒë·ªãa ch·ªâ IP
2025-05-06 12:57:52 - INFO - B·∫Øt ƒë·∫ßu thu th·∫≠p: Ip Setting Info
2025-05-06 12:57:52 - INFO - Ho√†n th√†nh thu th·∫≠p Ip Setting Info trong 0.02 gi√¢y
2025-05-06 12:57:52 - INFO - Ho√†n th√†nh x·ª≠ l√Ω hi·ªán v·∫≠t: C·∫•u h√¨nh ƒë·ªãa ch·ªâ IP
2025-05-06 12:57:52 - INFO - ƒê√£ ho√†n th√†nh t·∫•t c·∫£ t√°c v·ª• thu th·∫≠p
2025-05-06 13:00:02 - INFO - ==================================================
2025-05-06 13:00:02 - INFO - Kh·ªüi ƒë·ªông ch∆∞∆°ng tr√¨nh thu th·∫≠p hi·ªán v·∫≠t s·ªë
2025-05-06 13:00:02 - INFO - Th∆∞ m·ª•c l√†m vi·ªác: E:/Hoctap/LT06/DoAn/ChiNgoc/OSS_Project-main
2025-05-06 13:00:02 - INFO - B·∫Øt ƒë·∫ßu thu th·∫≠p 1 hi·ªán v·∫≠t ƒë∆∞·ª£c ch·ªçn
2025-05-06 13:00:02 - INFO - B·∫Øt ƒë·∫ßu x·ª≠ l√Ω hi·ªán v·∫≠t: C·∫•u h√¨nh ƒë·ªãa ch·ªâ IP
2025-05-06 13:00:02 - INFO - B·∫Øt ƒë·∫ßu thu th·∫≠p: Ip Setting Info
2025-05-06 13:00:02 - INFO - Ho√†n th√†nh thu th·∫≠p Ip Setting Info trong 0.02 gi√¢y
2025-05-06 13:00:02 - INFO - Ho√†n th√†nh x·ª≠ l√Ω hi·ªán v·∫≠t: C·∫•u h√¨nh ƒë·ªãa ch·ªâ IP
2025-05-06 13:00:02 - INFO - ƒê√£ ho√†n th√†nh t·∫•t c·∫£ t√°c v·ª• thu th·∫≠p
2025-05-06 13:00:41 - INFO - ==================================================
2025-05-06 13:00:41 - INFO - Kh·ªüi ƒë·ªông ch∆∞∆°ng tr√¨nh thu th·∫≠p hi·ªán v·∫≠t s·ªë
2025-05-06 13:00:41 - INFO - Th∆∞ m·ª•c l√†m vi·ªác: E:/Hoctap/LT06/DoAn/ChiNgoc/OSS_Project-main
2025-05-06 13:00:41 - INFO - B·∫Øt ƒë·∫ßu thu th·∫≠p 1 hi·ªán v·∫≠t ƒë∆∞·ª£c ch·ªçn
2025-05-06 13:00:41 - INFO - B·∫Øt ƒë·∫ßu x·ª≠ l√Ω hi·ªán v·∫≠t: C·∫•u h√¨nh ƒë·ªãa ch·ªâ IP
2025-05-06 13:00:41 - INFO - B·∫Øt ƒë·∫ßu thu th·∫≠p: Ip Setting Info
2025-05-06 13:00:41 - INFO - Ho√†n th√†nh thu th·∫≠p Ip Setting Info trong 0.02 gi√¢y
2025-05-06 13:00:41 - INFO - Ho√†n th√†nh x·ª≠ l√Ω hi·ªán v·∫≠t: C·∫•u h√¨nh ƒë·ªãa ch·ªâ IP
2025-05-06 13:00:41 - INFO - ƒê√£ ho√†n th√†nh t·∫•t c·∫£ t√°c v·ª• thu th·∫≠p
2025-05-06 13:04:04 - INFO - ==================================================
2025-05-06 13:04:04 - INFO - Kh·ªüi ƒë·ªông ch∆∞∆°ng tr√¨nh thu th·∫≠p hi·ªán v·∫≠t s·ªë
2025-05-06 13:04:04 - INFO - Th∆∞ m·ª•c l√†m vi·ªác: E:/Hoctap/LT06/DoAn/ChiNgoc/OSS_Project-main
2025-05-06 13:04:04 - INFO - B·∫Øt ƒë·∫ßu thu th·∫≠p 1 hi·ªán v·∫≠t ƒë∆∞·ª£c ch·ªçn
2025-05-06 13:04:04 - INFO - B·∫Øt ƒë·∫ßu x·ª≠ l√Ω hi·ªán v·∫≠t: C·∫•u h√¨nh ƒë·ªãa ch·ªâ IP
2025-05-06 13:04:04 - INFO - B·∫Øt ƒë·∫ßu thu th·∫≠p: Ip Setting Info
2025-05-06 13:04:04 - INFO - Ho√†n th√†nh thu th·∫≠p Ip Setting Info trong 0.02 gi√¢y
2025-05-06 13:04:04 - INFO - Ho√†n th√†nh x·ª≠ l√Ω hi·ªán v·∫≠t: C·∫•u h√¨nh ƒë·ªãa ch·ªâ IP
2025-05-06 13:04:04 - INFO - ƒê√£ ho√†n th√†nh t·∫•t c·∫£ t√°c v·ª• thu th·∫≠p
2025-05-06 13:04:33 - INFO - ==================================================
2025-05-06 13:04:33 - INFO - Kh·ªüi ƒë·ªông ch∆∞∆°ng tr√¨nh thu th·∫≠p hi·ªán v·∫≠t s·ªë
2025-05-06 13:04:33 - INFO - Th∆∞ m·ª•c l√†m vi·ªác: E:/Hoctap/LT06/DoAn/ChiNgoc/OSS_Project-main
2025-05-06 13:04:33 - INFO - B·∫Øt ƒë·∫ßu thu th·∫≠p 1 hi·ªán v·∫≠t ƒë∆∞·ª£c ch·ªçn
2025-05-06 13:04:33 - INFO - B·∫Øt ƒë·∫ßu x·ª≠ l√Ω hi·ªán v·∫≠t: C·∫•u h√¨nh ƒë·ªãa ch·ªâ IP
2025-05-06 13:04:33 - INFO - B·∫Øt ƒë·∫ßu thu th·∫≠p: Ip Setting Info
2025-05-06 13:04:33 - INFO - Ho√†n th√†nh thu th·∫≠p Ip Setting Info trong 0.02 gi√¢y
2025-05-06 13:04:33 - INFO - Ho√†n th√†nh x·ª≠ l√Ω hi·ªán v·∫≠t: C·∫•u h√¨nh ƒë·ªãa ch·ªâ IP
2025-05-06 13:04:33 - INFO - ƒê√£ ho√†n th√†nh t·∫•t c·∫£ t√°c v·ª• thu th·∫≠p
2025-05-06 13:08:14 - INFO - ==================================================
2025-05-06 13:08:14 - INFO - Kh·ªüi ƒë·ªông ch∆∞∆°ng tr√¨nh thu th·∫≠p hi·ªán v·∫≠t s·ªë
2025-05-06 13:08:14 - INFO - Th∆∞ m·ª•c l√†m vi·ªác: E:/Hoctap/LT06/DoAn/ChiNgoc/OSS_Project-main
2025-05-06 13:08:14 - INFO - B·∫Øt ƒë·∫ßu thu th·∫≠p 1 hi·ªán v·∫≠t ƒë∆∞·ª£c ch·ªçn
2025-05-06 13:08:14 - INFO - B·∫Øt ƒë·∫ßu x·ª≠ l√Ω hi·ªán v·∫≠t: C·∫•u h√¨nh ƒë·ªãa ch·ªâ IP
2025-05-06 13:08:14 - INFO - B·∫Øt ƒë·∫ßu thu th·∫≠p: Ip Setting Info
2025-05-06 13:08:14 - INFO - Ho√†n th√†nh thu th·∫≠p Ip Setting Info trong 0.08 gi√¢y
2025-05-06 13:08:14 - INFO - Ho√†n th√†nh x·ª≠ l√Ω hi·ªán v·∫≠t: C·∫•u h√¨nh ƒë·ªãa ch·ªâ IP
2025-05-06 13:08:14 - INFO - ƒê√£ ho√†n th√†nh t·∫•t c·∫£ t√°c v·ª• thu th·∫≠p
2025-05-06 13:12:34 - INFO - ==================================================
2025-05-06 13:12:34 - INFO - Kh·ªüi ƒë·ªông ch∆∞∆°ng tr√¨nh thu th·∫≠p hi·ªán v·∫≠t s·ªë
2025-05-06 13:12:34 - INFO - Th∆∞ m·ª•c l√†m vi·ªác: E:/Hoctap/LT06/DoAn/ChiNgoc/OSS_Project-main
2025-05-06 13:12:34 - INFO - üü¢ B·∫Øt ƒë·∫ßu thu th·∫≠p 1 hi·ªán v·∫≠t ƒë∆∞·ª£c ch·ªçn
2025-05-06 13:12:34 - INFO - üì¶ B·∫Øt ƒë·∫ßu x·ª≠ l√Ω hi·ªán v·∫≠t: C·∫•u h√¨nh ƒë·ªãa ch·ªâ IP
2025-05-06 13:12:34 - INFO - B·∫Øt ƒë·∫ßu thu th·∫≠p: Ip Setting Info
2025-05-06 13:12:34 - INFO - Ho√†n th√†nh thu th·∫≠p Ip Setting Info trong 0.02 gi√¢y
2025-05-06 13:12:34 - INFO - ‚úÖ Ho√†n th√†nh x·ª≠ l√Ω hi·ªán v·∫≠t: C·∫•u h√¨nh ƒë·ªãa ch·ªâ IP
2025-05-06 13:12:34 - INFO - üéØ ƒê√£ ho√†n th√†nh t·∫•t c·∫£ t√°c v·ª• thu th·∫≠p
2025-05-06 13:13:15 - INFO - ==================================================
2025-05-06 13:13:15 - INFO - Kh·ªüi ƒë·ªông ch∆∞∆°ng tr√¨nh thu th·∫≠p hi·ªán v·∫≠t s·ªë
2025-05-06 13:13:15 - INFO - Th∆∞ m·ª•c l√†m vi·ªác: E:/Hoctap/LT06/DoAn/ChiNgoc/OSS_Project-main
2025-05-06 13:13:15 - INFO - B·∫Øt ƒë·∫ßu thu th·∫≠p 1 hi·ªán v·∫≠t ƒë∆∞·ª£c ch·ªçn
2025-05-06 13:13:15 - INFO - B·∫Øt ƒë·∫ßu x·ª≠ l√Ω hi·ªán v·∫≠t: C·∫•u h√¨nh ƒë·ªãa ch·ªâ IP
2025-05-06 13:13:15 - INFO - B·∫Øt ƒë·∫ßu thu th·∫≠p: Ip Setting Info
2025-05-06 13:13:15 - INFO - Ho√†n th√†nh thu th·∫≠p Ip Setting Info trong 0.02 gi√¢y
2025-05-06 13:13:15 - INFO - Ho√†n th√†nh x·ª≠ l√Ω hi·ªán v·∫≠t: C·∫•u h√¨nh ƒë·ªãa ch·ªâ IP
2025-05-06 13:13:15 - INFO - ƒê√£ ho√†n th√†nh t·∫•t c·∫£ t√°c v·ª• thu th·∫≠p
2025-05-06 13:17:00 - INFO - ==================================================
2025-05-06 13:17:00 - INFO - Kh·ªüi ƒë·ªông ch∆∞∆°ng tr√¨nh thu th·∫≠p hi·ªán v·∫≠t s·ªë
2025-05-06 13:17:00 - INFO - Th∆∞ m·ª•c l√†m vi·ªác: E:/Hoctap/LT06/DoAn/ChiNgoc/OSS_Project-main
2025-05-06 13:17:00 - INFO - B·∫Øt ƒë·∫ßu thu th·∫≠p 1 hi·ªán v·∫≠t ƒë∆∞·ª£c ch·ªçn
2025-05-06 13:17:00 - INFO - B·∫Øt ƒë·∫ßu x·ª≠ l√Ω hi·ªán v·∫≠t: C·∫•u h√¨nh ƒë·ªãa ch·ªâ IP
2025-05-06 13:17:00 - INFO - B·∫Øt ƒë·∫ßu thu th·∫≠p: Ip Setting Info
2025-05-06 13:17:00 - INFO - Ho√†n th√†nh thu th·∫≠p Ip Setting Info trong 0.02 gi√¢y
2025-05-06 13:17:00 - INFO - Ho√†n th√†nh x·ª≠ l√Ω hi·ªán v·∫≠t: C·∫•u h√¨nh ƒë·ªãa ch·ªâ IP
2025-05-06 13:17:00 - INFO - ƒê√£ ho√†n th√†nh t·∫•t c·∫£ t√°c v·ª• thu th·∫≠p
2025-05-06 13:17:23 - INFO - ==================================================
2025-05-06 13:17:23 - INFO - Kh·ªüi ƒë·ªông ch∆∞∆°ng tr√¨nh thu th·∫≠p hi·ªán v·∫≠t s·ªë
2025-05-06 13:17:23 - INFO - Th∆∞ m·ª•c l√†m vi·ªác: E:/Hoctap/LT06/DoAn/ChiNgoc/OSS_Project-main
2025-05-06 13:17:23 - INFO - B·∫Øt ƒë·∫ßu thu th·∫≠p 1 hi·ªán v·∫≠t ƒë∆∞·ª£c ch·ªçn
2025-05-06 13:17:23 - INFO - B·∫Øt ƒë·∫ßu x·ª≠ l√Ω hi·ªán v·∫≠t: C·∫•u h√¨nh ƒë·ªãa ch·ªâ IP
2025-05-06 13:17:23 - INFO - B·∫Øt ƒë·∫ßu thu th·∫≠p: Ip Setting Info
2025-05-06 13:17:23 - INFO - Ho√†n th√†nh thu th·∫≠p Ip Setting Info trong 0.02 gi√¢y
2025-05-06 13:17:23 - INFO - Ho√†n th√†nh x·ª≠ l√Ω hi·ªán v·∫≠t: C·∫•u h√¨nh ƒë·ªãa ch·ªâ IP
2025-05-06 13:17:23 - INFO - ƒê√£ ho√†n th√†nh t·∫•t c·∫£ t√°c v·ª• thu th·∫≠p
2025-05-06 13:18:57 - INFO - ==================================================
2025-05-06 13:18:57 - INFO - Kh·ªüi ƒë·ªông ch∆∞∆°ng tr√¨nh thu th·∫≠p hi·ªán v·∫≠t s·ªë
2025-05-06 13:18:57 - INFO - Th∆∞ m·ª•c l√†m vi·ªác: E:/Hoctap/LT06/DoAn/ChiNgoc/OSS_Project-main
2025-05-06 13:18:57 - INFO - B·∫Øt ƒë·∫ßu thu th·∫≠p 1 hi·ªán v·∫≠t ƒë∆∞·ª£c ch·ªçn
2025-05-06 13:18:57 - INFO - B·∫Øt ƒë·∫ßu x·ª≠ l√Ω hi·ªán v·∫≠t: C·∫•u h√¨nh ƒë·ªãa ch·ªâ IP
2025-05-06 13:18:57 - INFO - B·∫Øt ƒë·∫ßu thu th·∫≠p: Ip Setting Info
2025-05-06 13:18:57 - INFO - Ho√†n th√†nh thu th·∫≠p Ip Setting Info trong 0.02 gi√¢y
2025-05-06 13:18:57 - INFO - Ho√†n th√†nh x·ª≠ l√Ω hi·ªán v·∫≠t: C·∫•u h√¨nh ƒë·ªãa ch·ªâ IP
2025-05-06 13:18:57 - INFO - ƒê√£ ho√†n th√†nh t·∫•t c·∫£ t√°c v·ª• thu th·∫≠p
2025-05-06 13:19:34 - INFO - ==================================================
2025-05-06 13:19:34 - INFO - Kh·ªüi ƒë·ªông ch∆∞∆°ng tr√¨nh thu th·∫≠p hi·ªán v·∫≠t s·ªë
2025-05-06 13:19:34 - INFO - Th∆∞ m·ª•c l√†m vi·ªác: E:/Hoctap/LT06/DoAn/ChiNgoc/OSS_Project-main
2025-05-06 13:19:34 - INFO - B·∫Øt ƒë·∫ßu thu th·∫≠p 1 hi·ªán v·∫≠t ƒë∆∞·ª£c ch·ªçn
2025-05-06 13:19:34 - INFO - B·∫Øt ƒë·∫ßu x·ª≠ l√Ω hi·ªán v·∫≠t: C·∫•u h√¨nh ƒë·ªãa ch·ªâ IP
2025-05-06 13:19:34 - INFO - B·∫Øt ƒë·∫ßu thu th·∫≠p: Ip Setting Info
2025-05-06 13:19:34 - INFO - Ho√†n th√†nh thu th·∫≠p Ip Setting Info trong 0.02 gi√¢y
2025-05-06 13:19:34 - INFO - Ho√†n th√†nh x·ª≠ l√Ω hi·ªán v·∫≠t: C·∫•u h√¨nh ƒë·ªãa ch·ªâ IP
2025-05-06 13:19:34 - INFO - ƒê√£ ho√†n th√†nh t·∫•t c·∫£ t√°c v·ª• thu th·∫≠p
2025-05-06 13:19:51 - INFO - ==================================================
2025-05-06 13:19:51 - INFO - Kh·ªüi ƒë·ªông ch∆∞∆°ng tr√¨nh thu th·∫≠p hi·ªán v·∫≠t s·ªë
2025-05-06 13:19:51 - INFO - Th∆∞ m·ª•c l√†m vi·ªác: E:/Hoctap/LT06/DoAn/ChiNgoc/OSS_Project-main
2025-05-06 13:19:51 - INFO - B·∫Øt ƒë·∫ßu thu th·∫≠p 2 hi·ªán v·∫≠t ƒë∆∞·ª£c ch·ªçn
2025-05-06 13:19:51 - INFO - B·∫Øt ƒë·∫ßu x·ª≠ l√Ω hi·ªán v·∫≠t: C·∫•u h√¨nh ƒë·ªãa ch·ªâ IP
2025-05-06 13:19:51 - INFO - B·∫Øt ƒë·∫ßu thu th·∫≠p: Ip Setting Info
2025-05-06 13:19:51 - INFO - Ho√†n th√†nh thu th·∫≠p Ip Setting Info trong 0.03 gi√¢y
2025-05-06 13:19:51 - INFO - Ho√†n th√†nh x·ª≠ l√Ω hi·ªán v·∫≠t: C·∫•u h√¨nh ƒë·ªãa ch·ªâ IP
2025-05-06 13:19:51 - INFO - B·∫Øt ƒë·∫ßu x·ª≠ l√Ω hi·ªán v·∫≠t: L·ªãch tr√¨nh t√°c v·ª• (Task Scheduler)
2025-05-06 13:19:51 - INFO - B·∫Øt ƒë·∫ßu thu th·∫≠p: Work Schedule Info
2025-05-06 13:19:52 - INFO - Ho√†n th√†nh thu th·∫≠p Work Schedule Info trong 0.49 gi√¢y
2025-05-06 13:19:52 - INFO - Ho√†n th√†nh x·ª≠ l√Ω hi·ªán v·∫≠t: L·ªãch tr√¨nh t√°c v·ª• (Task Scheduler)
2025-05-06 13:19:52 - INFO - ƒê√£ ho√†n th√†nh t·∫•t c·∫£ t√°c v·ª• thu th·∫≠p
2025-05-06 13:35:10 - INFO - ==================================================
2025-05-06 13:35:10 - INFO - Kh·ªüi ƒë·ªông ch∆∞∆°ng tr√¨nh thu th·∫≠p hi·ªán v·∫≠t s·ªë
2025-05-06 13:35:10 - INFO - Th∆∞ m·ª•c l√†m vi·ªác: E:/Hoctap/LT06/DoAn/ChiNgoc/OSS_Project-main
2025-05-06 13:35:10 - INFO - B·∫Øt ƒë·∫ßu thu th·∫≠p 1 hi·ªán v·∫≠t ƒë∆∞·ª£c ch·ªçn
2025-05-06 13:35:10 - INFO - B·∫Øt ƒë·∫ßu x·ª≠ l√Ω hi·ªán v·∫≠t: C·∫•u h√¨nh ƒë·ªãa ch·ªâ IP
2025-05-06 13:35:10 - INFO - B·∫Øt ƒë·∫ßu thu th·∫≠p: Ip Setting Info
2025-05-06 13:35:10 - INFO - Ho√†n th√†nh thu th·∫≠p Ip Setting Info trong 0.08 gi√¢y
2025-05-06 13:35:10 - INFO - Ho√†n th√†nh x·ª≠ l√Ω hi·ªán v·∫≠t: C·∫•u h√¨nh ƒë·ªãa ch·ªâ IP
2025-05-06 13:35:10 - INFO - ƒê√£ ho√†n th√†nh t·∫•t c·∫£ t√°c v·ª• thu th·∫≠p
2025-05-06 13:37:08 - INFO - ==================================================
2025-05-06 13:37:08 - INFO - Kh·ªüi ƒë·ªông ch∆∞∆°ng tr√¨nh thu th·∫≠p hi·ªán v·∫≠t s·ªë
2025-05-06 13:37:08 - INFO - Th∆∞ m·ª•c l√†m vi·ªác: E:/Hoctap/LT06/DoAn/ChiNgoc/OSS_Project-main
2025-05-06 13:37:08 - INFO - B·∫Øt ƒë·∫ßu thu th·∫≠p 1 hi·ªán v·∫≠t ƒë∆∞·ª£c ch·ªçn
2025-05-06 13:37:08 - INFO - B·∫Øt ƒë·∫ßu x·ª≠ l√Ω hi·ªán v·∫≠t: C·∫•u h√¨nh ƒë·ªãa ch·ªâ IP
2025-05-06 13:37:08 - INFO - B·∫Øt ƒë·∫ßu thu th·∫≠p: Ip Setting Info
2025-05-06 13:37:08 - INFO - Ho√†n th√†nh thu th·∫≠p Ip Setting Info trong 0.02 gi√¢y
2025-05-06 13:37:08 - INFO - Ho√†n th√†nh x·ª≠ l√Ω hi·ªán v·∫≠t: C·∫•u h√¨nh ƒë·ªãa ch·ªâ IP
2025-05-06 13:37:08 - INFO - ƒê√£ ho√†n th√†nh t·∫•t c·∫£ t√°c v·ª• thu th·∫≠p
2025-05-06 13:37:47 - INFO - ==================================================
2025-05-06 13:37:47 - INFO - Kh·ªüi ƒë·ªông ch∆∞∆°ng tr√¨nh thu th·∫≠p hi·ªán v·∫≠t s·ªë
2025-05-06 13:37:47 - INFO - Th∆∞ m·ª•c l√†m vi·ªác: E:/Hoctap/LT06/DoAn/ChiNgoc/OSS_Project-main
2025-05-06 13:37:47 - INFO - B·∫Øt ƒë·∫ßu thu th·∫≠p 1 hi·ªán v·∫≠t ƒë∆∞·ª£c ch·ªçn
2025-05-06 13:37:47 - INFO - B·∫Øt ƒë·∫ßu x·ª≠ l√Ω hi·ªán v·∫≠t: C·∫•u h√¨nh ƒë·ªãa ch·ªâ IP
2025-05-06 13:37:47 - INFO - B·∫Øt ƒë·∫ßu thu th·∫≠p: Ip Setting Info
2025-05-06 13:37:47 - INFO - Ho√†n th√†nh thu th·∫≠p Ip Setting Info trong 0.02 gi√¢y
2025-05-06 13:37:47 - INFO - Ho√†n th√†nh x·ª≠ l√Ω hi·ªán v·∫≠t: C·∫•u h√¨nh ƒë·ªãa ch·ªâ IP
2025-05-06 13:37:47 - INFO - ƒê√£ ho√†n th√†nh t·∫•t c·∫£ t√°c v·ª• thu th·∫≠p
2025-05-06 14:51:34 - INFO - ==================================================
2025-05-06 14:51:34 - INFO - Kh·ªüi ƒë·ªông ch∆∞∆°ng tr√¨nh thu th·∫≠p hi·ªán v·∫≠t s·ªë
2025-05-06 14:51:34 - INFO - Th∆∞ m·ª•c l√†m vi·ªác: E:/Hoctap/LT06/DoAn/ChiNgoc/OSS_Project-main
2025-05-06 14:51:34 - INFO - B·∫Øt ƒë·∫ßu thu th·∫≠p 1 hi·ªán v·∫≠t ƒë∆∞·ª£c ch·ªçn
2025-05-06 14:51:34 - INFO - B·∫Øt ƒë·∫ßu x·ª≠ l√Ω hi·ªán v·∫≠t: C·∫•u h√¨nh ƒë·ªãa ch·ªâ IP
2025-05-06 14:51:34 - INFO - B·∫Øt ƒë·∫ßu thu th·∫≠p: Ip Setting Info
2025-05-06 14:51:34 - INFO - Ho√†n th√†nh thu th·∫≠p Ip Setting Info trong 0.03 gi√¢y
2025-05-06 14:51:34 - INFO - Ho√†n th√†nh x·ª≠ l√Ω hi·ªán v·∫≠t: C·∫•u h√¨nh ƒë·ªãa ch·ªâ IP
2025-05-06 14:51:34 - INFO - ƒê√£ ho√†n th√†nh t·∫•t c·∫£ t√°c v·ª• thu th·∫≠p
2025-05-06 14:56:49 - INFO - ==================================================
2025-05-06 14:56:49 - INFO - Kh·ªüi ƒë·ªông ch∆∞∆°ng tr√¨nh thu th·∫≠p hi·ªán v·∫≠t s·ªë
2025-05-06 14:56:49 - INFO - Th∆∞ m·ª•c l√†m vi·ªác: E:/Hoctap/LT06/DoAn/ChiNgoc/OSS_Project-main
2025-05-06 14:56:49 - INFO - B·∫Øt ƒë·∫ßu thu th·∫≠p 1 hi·ªán v·∫≠t ƒë∆∞·ª£c ch·ªçn
2025-05-06 14:56:49 - INFO - B·∫Øt ƒë·∫ßu x·ª≠ l√Ω hi·ªán v·∫≠t: C·∫•u h√¨nh ƒë·ªãa ch·ªâ IP
2025-05-06 14:56:49 - INFO - B·∫Øt ƒë·∫ßu thu th·∫≠p: Ip Setting Info
2025-05-06 14:56:49 - INFO - Ho√†n th√†nh thu th·∫≠p Ip Setting Info trong 0.02 gi√¢y
2025-05-06 14:56:49 - INFO - Ho√†n th√†nh x·ª≠ l√Ω hi·ªán v·∫≠t: C·∫•u h√¨nh ƒë·ªãa ch·ªâ IP
2025-05-06 14:56:49 - INFO - ƒê√£ ho√†n th√†nh t·∫•t c·∫£ t√°c v·ª• thu th·∫≠p
2025-05-06 15:00:22 - INFO - ==================================================
2025-05-06 15:00:22 - INFO - Kh·ªüi ƒë·ªông ch∆∞∆°ng tr√¨nh thu th·∫≠p hi·ªán v·∫≠t s·ªë
2025-05-06 15:00:22 - INFO - Th∆∞ m·ª•c l√†m vi·ªác: E:/Hoctap/LT06/DoAn/ChiNgoc/OSS_Project-main
2025-05-06 15:00:22 - INFO - B·∫Øt ƒë·∫ßu thu th·∫≠p 1 hi·ªán v·∫≠t ƒë∆∞·ª£c ch·ªçn
2025-05-06 15:00:22 - INFO - B·∫Øt ƒë·∫ßu x·ª≠ l√Ω hi·ªán v·∫≠t: C·∫•u h√¨nh ƒë·ªãa ch·ªâ IP
2025-05-06 15:00:22 - INFO - B·∫Øt ƒë·∫ßu thu th·∫≠p: Ip Setting Info
2025-05-06 15:00:22 - INFO - Ho√†n th√†nh thu th·∫≠p Ip Setting Info trong 0.02 gi√¢y
2025-05-06 15:00:22 - INFO - Ho√†n th√†nh x·ª≠ l√Ω hi·ªán v·∫≠t: C·∫•u h√¨nh ƒë·ªãa ch·ªâ IP
2025-05-06 15:00:22 - INFO - ƒê√£ ho√†n th√†nh t·∫•t c·∫£ t√°c v·ª• thu th·∫≠p
2025-05-06 15:00:57 - INFO - ==================================================
2025-05-06 15:00:57 - INFO - Kh·ªüi ƒë·ªông ch∆∞∆°ng tr√¨nh thu th·∫≠p hi·ªán v·∫≠t s·ªë
2025-05-06 15:00:57 - INFO - Th∆∞ m·ª•c l√†m vi·ªác: E:/Hoctap/LT06/DoAn/ChiNgoc/OSS_Project-main
2025-05-06 15:00:57 - INFO - B·∫Øt ƒë·∫ßu thu th·∫≠p 1 hi·ªán v·∫≠t ƒë∆∞·ª£c ch·ªçn
2025-05-06 15:00:57 - INFO - B·∫Øt ƒë·∫ßu x·ª≠ l√Ω hi·ªán v·∫≠t: Th√πng r√°c (Recycle Bin)
2025-05-06 15:00:57 - INFO - B·∫Øt ƒë·∫ßu thu th·∫≠p: Bin
2025-05-06 15:00:57 - INFO - Ho√†n th√†nh thu th·∫≠p Bin trong 0.00 gi√¢y
2025-05-06 15:00:57 - INFO - Ho√†n th√†nh x·ª≠ l√Ω hi·ªán v·∫≠t: Th√πng r√°c (Recycle Bin)
2025-05-06 15:00:57 - INFO - ƒê√£ ho√†n th√†nh t·∫•t c·∫£ t√°c v·ª• thu th·∫≠p
2025-05-06 15:27:34 - INFO - ==================================================
2025-05-06 15:27:34 - INFO - Kh·ªüi ƒë·ªông ch∆∞∆°ng tr√¨nh thu th·∫≠p hi·ªán v·∫≠t s·ªë
2025-05-06 15:27:34 - INFO - Th∆∞ m·ª•c l√†m vi·ªác: E:/Hoctap/LT06/DoAn/ChiNgoc/OSS_Project-main
2025-05-06 15:27:34 - INFO - B·∫Øt ƒë·∫ßu thu th·∫≠p 1 hi·ªán v·∫≠t ƒë∆∞·ª£c ch·ªçn
2025-05-06 15:27:34 - INFO - B·∫Øt ƒë·∫ßu x·ª≠ l√Ω hi·ªán v·∫≠t: C·∫•u h√¨nh ƒë·ªãa ch·ªâ IP
2025-05-06 15:27:34 - INFO - B·∫Øt ƒë·∫ßu thu th·∫≠p: Ip Setting Info
2025-05-06 15:27:34 - INFO - Ho√†n th√†nh thu th·∫≠p Ip Setting Info trong 0.02 gi√¢y
2025-05-06 15:27:34 - INFO - Ho√†n th√†nh x·ª≠ l√Ω hi·ªán v·∫≠t: C·∫•u h√¨nh ƒë·ªãa ch·ªâ IP
2025-05-06 15:27:34 - INFO - ƒê√£ ho√†n th√†nh t·∫•t c·∫£ t√°c v·ª• thu th·∫≠p
2025-05-06 15:32:53 - INFO - ==================================================
2025-05-06 15:32:53 - INFO - Kh·ªüi ƒë·ªông ch∆∞∆°ng tr√¨nh thu th·∫≠p hi·ªán v·∫≠t s·ªë
2025-05-06 15:32:53 - INFO - Th∆∞ m·ª•c l√†m vi·ªác: E:/Hoctap/LT06/DoAn/ChiNgoc/OSS_Project-main
2025-05-06 15:32:53 - INFO - B·∫Øt ƒë·∫ßu thu th·∫≠p 1 hi·ªán v·∫≠t ƒë∆∞·ª£c ch·ªçn
2025-05-06 15:32:53 - INFO - B·∫Øt ƒë·∫ßu x·ª≠ l√Ω hi·ªán v·∫≠t: C·∫•u h√¨nh ƒë·ªãa ch·ªâ IP
2025-05-06 15:32:53 - INFO - B·∫Øt ƒë·∫ßu thu th·∫≠p: Ip Setting Info
2025-05-06 15:32:53 - INFO - Ho√†n th√†nh thu th·∫≠p Ip Setting Info trong 0.02 gi√¢y
2025-05-06 15:32:53 - INFO - Ho√†n th√†nh x·ª≠ l√Ω hi·ªán v·∫≠t: C·∫•u h√¨nh ƒë·ªãa ch·ªâ IP
2025-05-06 15:32:53 - INFO - ƒê√£ ho√†n th√†nh t·∫•t c·∫£ t√°c v·ª• thu th·∫≠p
2025-05-06 15:33:26 - INFO - ==================================================
2025-05-06 15:33:26 - INFO - Kh·ªüi ƒë·ªông ch∆∞∆°ng tr√¨nh thu th·∫≠p hi·ªán v·∫≠t s·ªë
2025-05-06 15:33:26 - INFO - Th∆∞ m·ª•c l√†m vi·ªác: E:/Hoctap/LT06/DoAn/ChiNgoc/OSS_Project-main
2025-05-06 15:33:26 - INFO - B·∫Øt ƒë·∫ßu thu th·∫≠p 1 hi·ªán v·∫≠t ƒë∆∞·ª£c ch·ªçn
2025-05-06 15:33:26 - INFO - B·∫Øt ƒë·∫ßu x·ª≠ l√Ω hi·ªán v·∫≠t: Tr√¨nh theo d√µi s·ª≠ d·ª•ng ·ª©ng d·ª•ng (UserAssist)
2025-05-06 15:33:26 - INFO - B·∫Øt ƒë·∫ßu thu th·∫≠p: Userassist
2025-05-06 15:33:26 - ERROR - L·ªói khi thu th·∫≠p Userassist: 'charmap' codec can't encode character '\u1ed1' in position 40: character maps to <undefined>
Traceback (most recent call last):
  File "e:\Hoctap\LT06\DoAn\ChiNgoc\OSS_Project-main\Artifact_Collection_Tool.py", line 168, in wrapper
    result = func(output_dir, *args, **kwargs)
  File "e:\Hoctap\LT06\DoAn\ChiNgoc\OSS_Project-main\Artifact_Collection_Tool.py", line 779, in userassist_func
    csv_writer(userassist_list)
    ~~~~~~~~~~^^^^^^^^^^^^^^^^^
  File "e:\Hoctap\LT06\DoAn\ChiNgoc\OSS_Project-main\Artifact_Collection_Tool.py", line 776, in csv_writer
    csv_writer.writerow([file_name])
    ~~~~~~~~~~~~~~~~~~~^^^^^^^^^^^^^
  File "C:\Users\Caoho\AppData\Local\Programs\Python\Python313\Lib\encodings\cp1252.py", line 19, in encode
    return codecs.charmap_encode(input,self.errors,encoding_table)[0]
           ~~~~~~~~~~~~~~~~~~~~~^^^^^^^^^^^^^^^^^^^^^^^^^^^^^^^^^^
UnicodeEncodeError: 'charmap' codec can't encode character '\u1ed1' in position 40: character maps to <undefined>
2025-05-06 15:33:26 - ERROR - L·ªói khi x·ª≠ l√Ω hi·ªán v·∫≠t Tr√¨nh theo d√µi s·ª≠ d·ª•ng ·ª©ng d·ª•ng (UserAssist): 'charmap' codec can't encode character '\u1ed1' in position 40: character maps to <undefined>
Traceback (most recent call last):
  File "e:\Hoctap\LT06\DoAn\ChiNgoc\OSS_Project-main\Artifact_Collection_Tool.py", line 1824, in execute_and_save_artifacts
    func(output_entry.get())
    ~~~~^^^^^^^^^^^^^^^^^^^^
  File "e:\Hoctap\LT06\DoAn\ChiNgoc\OSS_Project-main\Artifact_Collection_Tool.py", line 168, in wrapper
    result = func(output_dir, *args, **kwargs)
  File "e:\Hoctap\LT06\DoAn\ChiNgoc\OSS_Project-main\Artifact_Collection_Tool.py", line 779, in userassist_func
    csv_writer(userassist_list)
    ~~~~~~~~~~^^^^^^^^^^^^^^^^^
  File "e:\Hoctap\LT06\DoAn\ChiNgoc\OSS_Project-main\Artifact_Collection_Tool.py", line 776, in csv_writer
    csv_writer.writerow([file_name])
    ~~~~~~~~~~~~~~~~~~~^^^^^^^^^^^^^
  File "C:\Users\Caoho\AppData\Local\Programs\Python\Python313\Lib\encodings\cp1252.py", line 19, in encode
    return codecs.charmap_encode(input,self.errors,encoding_table)[0]
           ~~~~~~~~~~~~~~~~~~~~~^^^^^^^^^^^^^^^^^^^^^^^^^^^^^^^^^^
UnicodeEncodeError: 'charmap' codec can't encode character '\u1ed1' in position 40: character maps to <undefined>
2025-05-06 15:33:26 - INFO - ƒê√£ ho√†n th√†nh t·∫•t c·∫£ t√°c v·ª• thu th·∫≠p
2025-05-06 15:33:46 - INFO - ==================================================
2025-05-06 15:33:46 - INFO - Kh·ªüi ƒë·ªông ch∆∞∆°ng tr√¨nh thu th·∫≠p hi·ªán v·∫≠t s·ªë
2025-05-06 15:33:46 - INFO - Th∆∞ m·ª•c l√†m vi·ªác: E:/Hoctap/LT06/DoAn/ChiNgoc/OSS_Project-main
2025-05-06 15:33:46 - INFO - B·∫Øt ƒë·∫ßu thu th·∫≠p 2 hi·ªán v·∫≠t ƒë∆∞·ª£c ch·ªçn
2025-05-06 15:33:46 - INFO - B·∫Øt ƒë·∫ßu x·ª≠ l√Ω hi·ªán v·∫≠t: L·ªãch s·ª≠ ƒëƒÉng nh·∫≠p h·ªá th·ªëng
2025-05-06 15:33:46 - INFO - B·∫Øt ƒë·∫ßu thu th·∫≠p: Sys Logon Info
2025-05-06 15:33:56 - ERROR - L·ªói khi thu th·∫≠p Sys Logon Info: (1314, 'OpenEventLogW', 'A required privilege is not held by the client.')
Traceback (most recent call last):
  File "e:\Hoctap\LT06\DoAn\ChiNgoc\OSS_Project-main\Artifact_Collection_Tool.py", line 168, in wrapper
    result = func(output_dir, *args, **kwargs)
  File "e:\Hoctap\LT06\DoAn\ChiNgoc\OSS_Project-main\Artifact_Collection_Tool.py", line 701, in sys_logon_info_func
    hand = win32evtlog.OpenEventLog(server, logtype)
pywintypes.error: (1314, 'OpenEventLogW', 'A required privilege is not held by the client.')
2025-05-06 15:33:56 - ERROR - L·ªói khi x·ª≠ l√Ω hi·ªán v·∫≠t L·ªãch s·ª≠ ƒëƒÉng nh·∫≠p h·ªá th·ªëng: (1314, 'OpenEventLogW', 'A required privilege is not held by the client.')
Traceback (most recent call last):
  File "e:\Hoctap\LT06\DoAn\ChiNgoc\OSS_Project-main\Artifact_Collection_Tool.py", line 1824, in execute_and_save_artifacts
    func(output_entry.get())
    ~~~~^^^^^^^^^^^^^^^^^^^^
  File "e:\Hoctap\LT06\DoAn\ChiNgoc\OSS_Project-main\Artifact_Collection_Tool.py", line 168, in wrapper
    result = func(output_dir, *args, **kwargs)
  File "e:\Hoctap\LT06\DoAn\ChiNgoc\OSS_Project-main\Artifact_Collection_Tool.py", line 701, in sys_logon_info_func
    hand = win32evtlog.OpenEventLog(server, logtype)
pywintypes.error: (1314, 'OpenEventLogW', 'A required privilege is not held by the client.')
2025-05-06 15:33:56 - INFO - B·∫Øt ƒë·∫ßu x·ª≠ l√Ω hi·ªán v·∫≠t: L·ªãch s·ª≠ tr√¨nh duy·ªát web
2025-05-06 15:33:56 - INFO - B·∫Øt ƒë·∫ßu thu th·∫≠p: Browser Info
2025-05-06 15:33:57 - INFO - Ho√†n th√†nh thu th·∫≠p Browser Info trong 0.59 gi√¢y
2025-05-06 15:33:57 - INFO - Ho√†n th√†nh x·ª≠ l√Ω hi·ªán v·∫≠t: L·ªãch s·ª≠ tr√¨nh duy·ªát web
2025-05-06 15:33:57 - INFO - ƒê√£ ho√†n th√†nh t·∫•t c·∫£ t√°c v·ª• thu th·∫≠p
2025-05-06 15:40:24 - INFO - ==================================================
2025-05-06 15:40:24 - INFO - Kh·ªüi ƒë·ªông ch∆∞∆°ng tr√¨nh thu th·∫≠p hi·ªán v·∫≠t s·ªë
2025-05-06 15:40:24 - INFO - Th∆∞ m·ª•c l√†m vi·ªác: E:/Hoctap/LT06/DoAn/ChiNgoc/OSS_Project-main
2025-05-06 15:40:24 - INFO - B·∫Øt ƒë·∫ßu thu th·∫≠p 1 hi·ªán v·∫≠t ƒë∆∞·ª£c ch·ªçn
2025-05-06 15:40:24 - INFO - B·∫Øt ƒë·∫ßu x·ª≠ l√Ω hi·ªán v·∫≠t: C·∫•u h√¨nh ƒë·ªãa ch·ªâ IP
2025-05-06 15:40:24 - INFO - B·∫Øt ƒë·∫ßu thu th·∫≠p: Ip Setting Info
2025-05-06 15:40:24 - INFO - Ho√†n th√†nh thu th·∫≠p Ip Setting Info trong 0.02 gi√¢y
2025-05-06 15:40:24 - INFO - Ho√†n th√†nh x·ª≠ l√Ω hi·ªán v·∫≠t: C·∫•u h√¨nh ƒë·ªãa ch·ªâ IP
2025-05-06 15:40:24 - INFO - ƒê√£ ho√†n th√†nh t·∫•t c·∫£ t√°c v·ª• thu th·∫≠p
2025-05-06 15:41:46 - INFO - ==================================================
2025-05-06 15:41:46 - INFO - Kh·ªüi ƒë·ªông ch∆∞∆°ng tr√¨nh thu th·∫≠p hi·ªán v·∫≠t s·ªë
2025-05-06 15:41:46 - INFO - Th∆∞ m·ª•c l√†m vi·ªác: E:/Hoctap/LT06/DoAn/ChiNgoc/OSS_Project-main
2025-05-06 15:41:46 - INFO - B·∫Øt ƒë·∫ßu thu th·∫≠p 3 hi·ªán v·∫≠t ƒë∆∞·ª£c ch·ªçn
2025-05-06 15:41:46 - INFO - B·∫Øt ƒë·∫ßu x·ª≠ l√Ω hi·ªán v·∫≠t: C·∫•u h√¨nh ƒë·ªãa ch·ªâ IP
2025-05-06 15:41:46 - INFO - B·∫Øt ƒë·∫ßu thu th·∫≠p: Ip Setting Info
2025-05-06 15:41:46 - INFO - Ho√†n th√†nh thu th·∫≠p Ip Setting Info trong 0.03 gi√¢y
2025-05-06 15:41:46 - INFO - Ho√†n th√†nh x·ª≠ l√Ω hi·ªán v·∫≠t: C·∫•u h√¨nh ƒë·ªãa ch·ªâ IP
2025-05-06 15:41:46 - INFO - B·∫Øt ƒë·∫ßu x·ª≠ l√Ω hi·ªán v·∫≠t: L·ªãch s·ª≠ ƒëƒÉng nh·∫≠p h·ªá th·ªëng
2025-05-06 15:41:46 - INFO - B·∫Øt ƒë·∫ßu thu th·∫≠p: Sys Logon Info
2025-05-06 15:41:56 - ERROR - L·ªói khi thu th·∫≠p Sys Logon Info: (1314, 'OpenEventLogW', 'A required privilege is not held by the client.')
Traceback (most recent call last):
  File "e:\Hoctap\LT06\DoAn\ChiNgoc\OSS_Project-main\Artifact_Collection_Tool.py", line 168, in wrapper
    result = func(output_dir, *args, **kwargs)
  File "e:\Hoctap\LT06\DoAn\ChiNgoc\OSS_Project-main\Artifact_Collection_Tool.py", line 701, in sys_logon_info_func
    hand = win32evtlog.OpenEventLog(server, logtype)
pywintypes.error: (1314, 'OpenEventLogW', 'A required privilege is not held by the client.')
2025-05-06 15:41:56 - ERROR - L·ªói khi x·ª≠ l√Ω hi·ªán v·∫≠t L·ªãch s·ª≠ ƒëƒÉng nh·∫≠p h·ªá th·ªëng: (1314, 'OpenEventLogW', 'A required privilege is not held by the client.')
Traceback (most recent call last):
  File "e:\Hoctap\LT06\DoAn\ChiNgoc\OSS_Project-main\Artifact_Collection_Tool.py", line 1744, in execute_and_save_artifacts
    func(output_entry.get())
    ~~~~^^^^^^^^^^^^^^^^^^^^
  File "e:\Hoctap\LT06\DoAn\ChiNgoc\OSS_Project-main\Artifact_Collection_Tool.py", line 168, in wrapper
    result = func(output_dir, *args, **kwargs)
  File "e:\Hoctap\LT06\DoAn\ChiNgoc\OSS_Project-main\Artifact_Collection_Tool.py", line 701, in sys_logon_info_func
    hand = win32evtlog.OpenEventLog(server, logtype)
pywintypes.error: (1314, 'OpenEventLogW', 'A required privilege is not held by the client.')
2025-05-06 15:41:56 - INFO - B·∫Øt ƒë·∫ßu x·ª≠ l√Ω hi·ªán v·∫≠t: L·ªãch s·ª≠ tr√¨nh duy·ªát web
2025-05-06 15:41:56 - INFO - B·∫Øt ƒë·∫ßu thu th·∫≠p: Browser Info
2025-05-06 15:41:57 - INFO - Ho√†n th√†nh thu th·∫≠p Browser Info trong 0.47 gi√¢y
2025-05-06 15:41:57 - INFO - Ho√†n th√†nh x·ª≠ l√Ω hi·ªán v·∫≠t: L·ªãch s·ª≠ tr√¨nh duy·ªát web
2025-05-06 15:41:57 - INFO - ƒê√£ ho√†n th√†nh t·∫•t c·∫£ t√°c v·ª• thu th·∫≠p
2025-05-08 13:37:39 - INFO - ==================================================
2025-05-08 13:37:39 - INFO - Kh·ªüi ƒë·ªông ch∆∞∆°ng tr√¨nh thu th·∫≠p hi·ªán v·∫≠t s·ªë
2025-05-08 13:37:39 - INFO - Th∆∞ m·ª•c l√†m vi·ªác: E:/Hoctap/LT06/DoAn/ChiNgoc/OSS_Project-main
2025-05-08 13:37:39 - ERROR - Kh√¥ng th·ªÉ t·∫°o key pair: name 'rsa' is not defined
2025-05-08 13:37:39 - CRITICAL - L·ªói nghi√™m tr·ªçng trong qu√° tr√¨nh th·ª±c thi: name 'rsa' is not defined
Traceback (most recent call last):
  File "e:\Hoctap\LT06\DoAn\ChiNgoc\OSS_Project-main\Artifact_Collection_Tool.py", line 1946, in execute_and_save_artifacts
    setup_logging(output_entry.get())
    ~~~~~~~~~~~~~^^^^^^^^^^^^^^^^^^^^
  File "e:\Hoctap\LT06\DoAn\ChiNgoc\OSS_Project-main\Artifact_Collection_Tool.py", line 240, in setup_logging
    private_key = rsa.generate_private_key(
                  ^^^
NameError: name 'rsa' is not defined
2025-05-08 13:39:28 - INFO - ==================================================
2025-05-08 13:39:28 - INFO - Kh·ªüi ƒë·ªông ch∆∞∆°ng tr√¨nh thu th·∫≠p hi·ªán v·∫≠t s·ªë
2025-05-08 13:39:28 - INFO - Th∆∞ m·ª•c l√†m vi·ªác: E:/Hoctap/LT06/DoAn/ChiNgoc/OSS_Project-main
2025-05-08 13:39:28 - INFO - ƒê√£ t·∫°o c·∫∑p kh√≥a s·ªë h·ªçc RSA (2048-bit) th√†nh c√¥ng.
2025-05-08 13:39:28 - INFO - B·∫Øt ƒë·∫ßu thu th·∫≠p 1 hi·ªán v·∫≠t ƒë∆∞·ª£c ch·ªçn
2025-05-08 13:39:28 - INFO - B·∫Øt ƒë·∫ßu x·ª≠ l√Ω hi·ªán v·∫≠t: C·∫•u h√¨nh ƒë·ªãa ch·ªâ IP
2025-05-08 13:39:28 - INFO - B·∫Øt ƒë·∫ßu thu th·∫≠p: Ip Setting Info
2025-05-08 13:39:28 - INFO - Ho√†n th√†nh thu th·∫≠p Ip Setting Info trong 0.02 gi√¢y
2025-05-08 13:39:28 - INFO - Ho√†n th√†nh x·ª≠ l√Ω hi·ªán v·∫≠t: C·∫•u h√¨nh ƒë·ªãa ch·ªâ IP
2025-05-08 13:39:29 - INFO - B√°o c√°o t√≠nh to√†n v·∫πn: E:/Hoctap/LT06/DoAn/ChiNgoc/OSS_Project-main\integrity_report.json
2025-05-08 13:39:29 - INFO - ƒê√£ ho√†n th√†nh t·∫•t c·∫£ t√°c v·ª• thu th·∫≠p
2025-05-08 13:42:06 - INFO - ==================================================
2025-05-08 13:42:06 - INFO - Kh·ªüi ƒë·ªông ch∆∞∆°ng tr√¨nh thu th·∫≠p hi·ªán v·∫≠t s·ªë
2025-05-08 13:42:06 - INFO - Th∆∞ m·ª•c l√†m vi·ªác: E:/Hoctap/LT06/DoAn/ChiNgoc/OSS_Project-main
2025-05-08 13:42:06 - INFO - Kh√≥a RSA ƒë√£ t·ªìn t·∫°i, b·ªè qua b∆∞·ªõc t·∫°o m·ªõi.
2025-05-08 13:42:06 - INFO - B·∫Øt ƒë·∫ßu thu th·∫≠p 1 hi·ªán v·∫≠t ƒë∆∞·ª£c ch·ªçn
2025-05-08 13:42:06 - INFO - B·∫Øt ƒë·∫ßu x·ª≠ l√Ω hi·ªán v·∫≠t: Th√¥ng tin h·ªá th·ªëng
2025-05-08 13:42:06 - INFO - B·∫Øt ƒë·∫ßu thu th·∫≠p: Sys Info
2025-05-08 13:42:39 - INFO - Ho√†n th√†nh thu th·∫≠p Sys Info trong 32.67 gi√¢y
2025-05-08 13:42:39 - INFO - Ho√†n th√†nh x·ª≠ l√Ω hi·ªán v·∫≠t: Th√¥ng tin h·ªá th·ªëng
2025-05-08 13:42:39 - INFO - B√°o c√°o t√≠nh to√†n v·∫πn: E:/Hoctap/LT06/DoAn/ChiNgoc/OSS_Project-main\integrity_report.json
2025-05-08 13:42:39 - INFO - ƒê√£ ho√†n th√†nh t·∫•t c·∫£ t√°c v·ª• thu th·∫≠p
2025-05-08 13:45:37 - INFO - ==================================================
2025-05-08 13:45:37 - INFO - Kh·ªüi ƒë·ªông ch∆∞∆°ng tr√¨nh thu th·∫≠p hi·ªán v·∫≠t s·ªë
2025-05-08 13:45:37 - INFO - Th∆∞ m·ª•c l√†m vi·ªác: E:/Hoctap/LT06/DoAn/ChiNgoc/OSS_Project-main
2025-05-08 13:45:37 - INFO - Kh√≥a RSA ƒë√£ t·ªìn t·∫°i, b·ªè qua b∆∞·ªõc t·∫°o m·ªõi.
2025-05-08 13:45:37 - INFO - B·∫Øt ƒë·∫ßu thu th·∫≠p 1 hi·ªán v·∫≠t ƒë∆∞·ª£c ch·ªçn
2025-05-08 13:45:37 - INFO - B·∫Øt ƒë·∫ßu x·ª≠ l√Ω hi·ªán v·∫≠t: L·ªãch tr√¨nh t√°c v·ª• (Task Scheduler)
2025-05-08 13:45:37 - INFO - B·∫Øt ƒë·∫ßu thu th·∫≠p: Work Schedule Info
2025-05-08 13:45:38 - INFO - Ho√†n th√†nh thu th·∫≠p Work Schedule Info trong 0.54 gi√¢y
2025-05-08 13:45:38 - INFO - Ho√†n th√†nh x·ª≠ l√Ω hi·ªán v·∫≠t: L·ªãch tr√¨nh t√°c v·ª• (Task Scheduler)
2025-05-08 13:45:38 - INFO - B√°o c√°o t√≠nh to√†n v·∫πn: E:/Hoctap/LT06/DoAn/ChiNgoc/OSS_Project-main\integrity_report.json
2025-05-08 13:45:38 - INFO - ƒê√£ ho√†n th√†nh t·∫•t c·∫£ t√°c v·ª• thu th·∫≠p
2025-05-08 13:47:07 - INFO - ==================================================
2025-05-08 13:47:07 - INFO - Kh·ªüi ƒë·ªông ch∆∞∆°ng tr√¨nh thu th·∫≠p hi·ªán v·∫≠t s·ªë
2025-05-08 13:47:07 - INFO - Th∆∞ m·ª•c l√†m vi·ªác: E:/Hoctap/LT06/DoAn/ChiNgoc/OSS_Project-main
2025-05-08 13:47:07 - INFO - Kh√≥a RSA ƒë√£ t·ªìn t·∫°i, b·ªè qua b∆∞·ªõc t·∫°o m·ªõi.
2025-05-08 13:47:07 - INFO - B·∫Øt ƒë·∫ßu thu th·∫≠p 1 hi·ªán v·∫≠t ƒë∆∞·ª£c ch·ªçn
2025-05-08 13:47:07 - INFO - B·∫Øt ƒë·∫ßu x·ª≠ l√Ω hi·ªán v·∫≠t: L·ªãch tr√¨nh t√°c v·ª• (Task Scheduler)
2025-05-08 13:47:07 - INFO - B·∫Øt ƒë·∫ßu thu th·∫≠p: Work Schedule Info
2025-05-08 13:47:08 - INFO - Ho√†n th√†nh thu th·∫≠p Work Schedule Info trong 0.46 gi√¢y
2025-05-08 13:47:08 - INFO - Ho√†n th√†nh x·ª≠ l√Ω hi·ªán v·∫≠t: L·ªãch tr√¨nh t√°c v·ª• (Task Scheduler)
2025-05-08 13:47:08 - INFO - B√°o c√°o t√≠nh to√†n v·∫πn: E:/Hoctap/LT06/DoAn/ChiNgoc/OSS_Project-main\integrity_report.json
2025-05-08 13:47:08 - INFO - ƒê√£ ho√†n th√†nh t·∫•t c·∫£ t√°c v·ª• thu th·∫≠p
2025-05-08 13:57:08 - INFO - ==================================================
2025-05-08 13:57:08 - INFO - Kh·ªüi ƒë·ªông ch∆∞∆°ng tr√¨nh thu th·∫≠p hi·ªán v·∫≠t s·ªë
2025-05-08 13:57:08 - INFO - Th∆∞ m·ª•c l√†m vi·ªác: E:/Hoctap/LT06/DoAn/ChiNgoc/OSS_Project-main
2025-05-08 13:57:08 - INFO - Kh√≥a RSA ƒë√£ t·ªìn t·∫°i, b·ªè qua b∆∞·ªõc t·∫°o m·ªõi.
2025-05-08 13:57:08 - INFO - B·∫Øt ƒë·∫ßu thu th·∫≠p 0 hi·ªán v·∫≠t ƒë∆∞·ª£c ch·ªçn
2025-05-08 13:57:08 - INFO - B√°o c√°o t√≠nh to√†n v·∫πn: E:/Hoctap/LT06/DoAn/ChiNgoc/OSS_Project-main\integrity_report.json
2025-05-08 13:57:08 - INFO - ƒê√£ ho√†n th√†nh t·∫•t c·∫£ t√°c v·ª• thu th·∫≠p
2025-05-08 13:57:41 - INFO - ==================================================
2025-05-08 13:57:41 - INFO - Kh·ªüi ƒë·ªông ch∆∞∆°ng tr√¨nh thu th·∫≠p hi·ªán v·∫≠t s·ªë
2025-05-08 13:57:41 - INFO - Th∆∞ m·ª•c l√†m vi·ªác: E:\Hoctap\LT06\DoAn\ChiNgoc\OSS_Project-main
2025-05-08 13:57:41 - INFO - Kh√≥a RSA ƒë√£ t·ªìn t·∫°i, b·ªè qua b∆∞·ªõc t·∫°o m·ªõi.
2025-05-08 13:57:41 - INFO - B·∫Øt ƒë·∫ßu thu th·∫≠p 1 hi·ªán v·∫≠t ƒë∆∞·ª£c ch·ªçn
2025-05-08 13:57:41 - INFO - B·∫Øt ƒë·∫ßu x·ª≠ l√Ω hi·ªán v·∫≠t: Nh·∫≠t k√Ω PowerShell
2025-05-08 13:57:41 - INFO - B·∫Øt ƒë·∫ßu thu th·∫≠p: Powershell Log
2025-05-08 13:57:42 - INFO - Ho√†n th√†nh thu th·∫≠p Powershell Log trong 0.74 gi√¢y
2025-05-08 13:57:42 - INFO - Ho√†n th√†nh x·ª≠ l√Ω hi·ªán v·∫≠t: Nh·∫≠t k√Ω PowerShell
2025-05-08 13:57:42 - INFO - B√°o c√°o t√≠nh to√†n v·∫πn: E:\Hoctap\LT06\DoAn\ChiNgoc\OSS_Project-main\integrity_report.json
2025-05-08 13:57:42 - INFO - ƒê√£ ho√†n th√†nh t·∫•t c·∫£ t√°c v·ª• thu th·∫≠p
2025-05-08 13:58:25 - INFO - ==================================================
2025-05-08 13:58:25 - INFO - Kh·ªüi ƒë·ªông ch∆∞∆°ng tr√¨nh thu th·∫≠p hi·ªán v·∫≠t s·ªë
2025-05-08 13:58:25 - INFO - Th∆∞ m·ª•c l√†m vi·ªác: E:\Hoctap\LT06\DoAn\ChiNgoc\OSS_Project-main
2025-05-08 13:58:25 - INFO - Kh√≥a RSA ƒë√£ t·ªìn t·∫°i, b·ªè qua b∆∞·ªõc t·∫°o m·ªõi.
2025-05-08 13:58:25 - INFO - B·∫Øt ƒë·∫ßu thu th·∫≠p 1 hi·ªán v·∫≠t ƒë∆∞·ª£c ch·ªçn
2025-05-08 13:58:25 - INFO - B·∫Øt ƒë·∫ßu x·ª≠ l√Ω hi·ªán v·∫≠t: Danh s√°ch b·∫£n v√° (Patch List)
2025-05-08 13:58:25 - INFO - B·∫Øt ƒë·∫ßu thu th·∫≠p: Patch List
2025-05-08 13:58:25 - INFO - Ho√†n th√†nh thu th·∫≠p Patch List trong 0.19 gi√¢y
2025-05-08 13:58:25 - INFO - Ho√†n th√†nh x·ª≠ l√Ω hi·ªán v·∫≠t: Danh s√°ch b·∫£n v√° (Patch List)
2025-05-08 13:58:25 - INFO - B√°o c√°o t√≠nh to√†n v·∫πn: E:\Hoctap\LT06\DoAn\ChiNgoc\OSS_Project-main\integrity_report.json
2025-05-08 13:58:25 - INFO - ƒê√£ ho√†n th√†nh t·∫•t c·∫£ t√°c v·ª• thu th·∫≠p
2025-05-08 16:45:04 - INFO - ==================================================
2025-05-08 16:45:04 - INFO - Kh·ªüi ƒë·ªông ch∆∞∆°ng tr√¨nh thu th·∫≠p hi·ªán v·∫≠t s·ªë
2025-05-08 16:45:04 - INFO - Th∆∞ m·ª•c l√†m vi·ªác: E:\Hoctap\LT06\DoAn\ChiNgoc\OSS_Project-main
2025-05-08 16:45:04 - INFO - Kh√≥a RSA ƒë√£ t·ªìn t·∫°i, b·ªè qua b∆∞·ªõc t·∫°o m·ªõi.
2025-05-08 16:45:04 - INFO - B·∫Øt ƒë·∫ßu thu th·∫≠p 1 hi·ªán v·∫≠t ƒë∆∞·ª£c ch·ªçn
2025-05-08 16:45:04 - INFO - B·∫Øt ƒë·∫ßu x·ª≠ l√Ω hi·ªán v·∫≠t: C·∫•u h√¨nh ƒë·ªãa ch·ªâ IP
2025-05-08 16:45:04 - INFO - B·∫Øt ƒë·∫ßu thu th·∫≠p: Ip Setting Info
2025-05-08 16:45:04 - INFO - Ho√†n th√†nh thu th·∫≠p Ip Setting Info trong 0.03 gi√¢y
2025-05-08 16:45:04 - INFO - Ho√†n th√†nh x·ª≠ l√Ω hi·ªán v·∫≠t: C·∫•u h√¨nh ƒë·ªãa ch·ªâ IP
2025-05-08 16:45:04 - INFO - B√°o c√°o t√≠nh to√†n v·∫πn: E:\Hoctap\LT06\DoAn\ChiNgoc\OSS_Project-main\integrity_report.json
2025-05-08 16:45:04 - INFO - ƒê√£ ho√†n th√†nh t·∫•t c·∫£ t√°c v·ª• thu th·∫≠p
